Thread-1id 2020-09-02 14:08:29 DEBUG App:72 - Found 9 new records on partition consumers#1
Thread-2id 2020-09-02 14:08:29 DEBUG App:72 - Found 500 new records on partition consumers#0
Thread-2id 2020-09-02 14:08:29 DEBUG App:91 - Get consumers entity
Thread-2id 2020-09-02 14:08:29 DEBUG Matcher:29 - [START] Applying rule class com.nyble.match.rules.PhoneAndNameRule to consumer 1#11303034
Thread-0id 2020-09-02 14:08:30 DEBUG App:72 - Found 500 new records on partition consumers#3
Thread-0id 2020-09-02 14:08:30 DEBUG App:91 - Get consumers entity
Thread-0id 2020-09-02 14:08:30 DEBUG Matcher:29 - [START] Applying rule class com.nyble.match.rules.PhoneAndNameRule to consumer 1#6955079
Thread-0id 2020-09-02 14:08:30 DEBUG Matcher:34 - [END] Applying rule class com.nyble.match.rules.PhoneAndNameRule to consumer 1#6955079
Thread-2id 2020-09-02 14:08:30 DEBUG Matcher:34 - [END] Applying rule class com.nyble.match.rules.PhoneAndNameRule to consumer 1#11303034
Thread-0id 2020-09-02 14:08:30 DEBUG Matcher:29 - [START] Applying rule class com.nyble.match.rules.EmailRule to consumer 1#6955079
Thread-2id 2020-09-02 14:08:30 DEBUG Matcher:29 - [START] Applying rule class com.nyble.match.rules.EmailRule to consumer 1#11303034
Thread-2id 2020-09-02 14:08:30 DEBUG Matcher:34 - [END] Applying rule class com.nyble.match.rules.EmailRule to consumer 1#11303034
Thread-2id 2020-09-02 14:08:30 DEBUG Matcher:112 - call isConsumerMovingToNewEntity 1#11303034
Thread-2id 2020-09-02 14:08:30 DEBUG Matcher:124 - end call isConsumerMovingToNewEntity 1#11303034
Thread-2id 2020-09-02 14:08:30 DEBUG App:91 - Get consumers entity
Thread-2id 2020-09-02 14:08:30 DEBUG Matcher:29 - [START] Applying rule class com.nyble.match.rules.PhoneAndNameRule to consumer 1#11303034
Thread-2id 2020-09-02 14:08:31 DEBUG Matcher:34 - [END] Applying rule class com.nyble.match.rules.PhoneAndNameRule to consumer 1#11303034
Thread-2id 2020-09-02 14:08:31 DEBUG Matcher:29 - [START] Applying rule class com.nyble.match.rules.EmailRule to consumer 1#11303034
Thread-0id 2020-09-02 14:08:31 DEBUG Matcher:34 - [END] Applying rule class com.nyble.match.rules.EmailRule to consumer 1#6955079
Thread-0id 2020-09-02 14:08:31 DEBUG Matcher:112 - call isConsumerMovingToNewEntity 1#6955079
Thread-2id 2020-09-02 14:08:31 DEBUG Matcher:34 - [END] Applying rule class com.nyble.match.rules.EmailRule to consumer 1#11303034
Thread-2id 2020-09-02 14:08:31 DEBUG Matcher:112 - call isConsumerMovingToNewEntity 1#11303034
Thread-0id 2020-09-02 14:08:31 DEBUG Matcher:124 - end call isConsumerMovingToNewEntity 1#6955079
Thread-0id 2020-09-02 14:08:31 DEBUG App:91 - Get consumers entity
Thread-0id 2020-09-02 14:08:31 DEBUG Matcher:29 - [START] Applying rule class com.nyble.match.rules.PhoneAndNameRule to consumer 1#6955079
Thread-2id 2020-09-02 14:08:31 DEBUG Matcher:124 - end call isConsumerMovingToNewEntity 1#11303034
Thread-2id 2020-09-02 14:08:31 DEBUG App:91 - Get consumers entity
Thread-2id 2020-09-02 14:08:31 DEBUG Matcher:29 - [START] Applying rule class com.nyble.match.rules.PhoneAndNameRule to consumer 1#11303034
Thread-2id 2020-09-02 14:08:31 DEBUG Matcher:34 - [END] Applying rule class com.nyble.match.rules.PhoneAndNameRule to consumer 1#11303034
Thread-2id 2020-09-02 14:08:31 DEBUG Matcher:29 - [START] Applying rule class com.nyble.match.rules.EmailRule to consumer 1#11303034
Thread-2id 2020-09-02 14:08:31 DEBUG Matcher:34 - [END] Applying rule class com.nyble.match.rules.EmailRule to consumer 1#11303034
Thread-2id 2020-09-02 14:08:31 DEBUG Matcher:112 - call isConsumerMovingToNewEntity 1#11303034
Thread-0id 2020-09-02 14:08:31 DEBUG Matcher:34 - [END] Applying rule class com.nyble.match.rules.PhoneAndNameRule to consumer 1#6955079
Thread-0id 2020-09-02 14:08:31 DEBUG Matcher:29 - [START] Applying rule class com.nyble.match.rules.EmailRule to consumer 1#6955079
Thread-2id 2020-09-02 14:08:31 DEBUG Matcher:124 - end call isConsumerMovingToNewEntity 1#11303034
Thread-2id 2020-09-02 14:08:31 DEBUG App:91 - Get consumers entity
Thread-2id 2020-09-02 14:08:31 DEBUG Matcher:29 - [START] Applying rule class com.nyble.match.rules.PhoneAndNameRule to consumer 1#7599125
Thread-2id 2020-09-02 14:08:31 DEBUG Matcher:34 - [END] Applying rule class com.nyble.match.rules.PhoneAndNameRule to consumer 1#7599125
Thread-2id 2020-09-02 14:08:31 DEBUG Matcher:29 - [START] Applying rule class com.nyble.match.rules.EmailRule to consumer 1#7599125
Thread-0id 2020-09-02 14:08:32 DEBUG Matcher:34 - [END] Applying rule class com.nyble.match.rules.EmailRule to consumer 1#6955079
Thread-0id 2020-09-02 14:08:32 DEBUG Matcher:112 - call isConsumerMovingToNewEntity 1#6955079
Thread-0id 2020-09-02 14:08:32 DEBUG Matcher:124 - end call isConsumerMovingToNewEntity 1#6955079
Thread-0id 2020-09-02 14:08:32 DEBUG App:91 - Get consumers entity
Thread-0id 2020-09-02 14:08:32 DEBUG Matcher:29 - [START] Applying rule class com.nyble.match.rules.PhoneAndNameRule to consumer 1#6955079
Thread-2id 2020-09-02 14:08:32 DEBUG Matcher:34 - [END] Applying rule class com.nyble.match.rules.EmailRule to consumer 1#7599125
Thread-2id 2020-09-02 14:08:32 DEBUG Matcher:112 - call isConsumerMovingToNewEntity 1#7599125
Thread-2id 2020-09-02 14:08:32 DEBUG Matcher:124 - end call isConsumerMovingToNewEntity 1#7599125
Thread-2id 2020-09-02 14:08:32 DEBUG App:91 - Get consumers entity
Thread-2id 2020-09-02 14:08:32 DEBUG Matcher:29 - [START] Applying rule class com.nyble.match.rules.PhoneAndNameRule to consumer 1#7599125
Thread-0id 2020-09-02 14:08:32 DEBUG Matcher:34 - [END] Applying rule class com.nyble.match.rules.PhoneAndNameRule to consumer 1#6955079
Thread-0id 2020-09-02 14:08:32 DEBUG Matcher:29 - [START] Applying rule class com.nyble.match.rules.EmailRule to consumer 1#6955079
Thread-2id 2020-09-02 14:08:32 DEBUG Matcher:34 - [END] Applying rule class com.nyble.match.rules.PhoneAndNameRule to consumer 1#7599125
Thread-2id 2020-09-02 14:08:32 DEBUG Matcher:29 - [START] Applying rule class com.nyble.match.rules.EmailRule to consumer 1#7599125
Thread-0id 2020-09-02 14:08:32 DEBUG Matcher:34 - [END] Applying rule class com.nyble.match.rules.EmailRule to consumer 1#6955079
Thread-0id 2020-09-02 14:08:32 DEBUG Matcher:112 - call isConsumerMovingToNewEntity 1#6955079
Thread-0id 2020-09-02 14:08:32 DEBUG Matcher:124 - end call isConsumerMovingToNewEntity 1#6955079
Thread-0id 2020-09-02 14:08:32 DEBUG App:91 - Get consumers entity
Thread-0id 2020-09-02 14:08:32 DEBUG Matcher:29 - [START] Applying rule class com.nyble.match.rules.PhoneAndNameRule to consumer 1#6955079
Thread-2id 2020-09-02 14:08:32 DEBUG Matcher:34 - [END] Applying rule class com.nyble.match.rules.EmailRule to consumer 1#7599125
Thread-2id 2020-09-02 14:08:32 DEBUG Matcher:112 - call isConsumerMovingToNewEntity 1#7599125
Thread-2id 2020-09-02 14:08:32 DEBUG Matcher:124 - end call isConsumerMovingToNewEntity 1#7599125
Thread-2id 2020-09-02 14:08:32 DEBUG App:91 - Get consumers entity
Thread-2id 2020-09-02 14:08:32 DEBUG Matcher:29 - [START] Applying rule class com.nyble.match.rules.PhoneAndNameRule to consumer 1#7599125
Thread-0id 2020-09-02 14:08:32 DEBUG Matcher:34 - [END] Applying rule class com.nyble.match.rules.PhoneAndNameRule to consumer 1#6955079
Thread-0id 2020-09-02 14:08:32 DEBUG Matcher:29 - [START] Applying rule class com.nyble.match.rules.EmailRule to consumer 1#6955079
Thread-2id 2020-09-02 14:08:33 DEBUG Matcher:34 - [END] Applying rule class com.nyble.match.rules.PhoneAndNameRule to consumer 1#7599125
Thread-2id 2020-09-02 14:08:33 DEBUG Matcher:29 - [START] Applying rule class com.nyble.match.rules.EmailRule to consumer 1#7599125
Thread-0id 2020-09-02 14:08:33 DEBUG Matcher:34 - [END] Applying rule class com.nyble.match.rules.EmailRule to consumer 1#6955079
Thread-0id 2020-09-02 14:08:33 DEBUG Matcher:112 - call isConsumerMovingToNewEntity 1#6955079
Thread-0id 2020-09-02 14:08:33 DEBUG Matcher:124 - end call isConsumerMovingToNewEntity 1#6955079
Thread-0id 2020-09-02 14:08:33 DEBUG App:91 - Get consumers entity
Thread-0id 2020-09-02 14:08:33 DEBUG Matcher:29 - [START] Applying rule class com.nyble.match.rules.PhoneAndNameRule to consumer 1#6955099
Thread-2id 2020-09-02 14:08:33 DEBUG Matcher:34 - [END] Applying rule class com.nyble.match.rules.EmailRule to consumer 1#7599125
Thread-2id 2020-09-02 14:08:33 DEBUG Matcher:112 - call isConsumerMovingToNewEntity 1#7599125
Thread-2id 2020-09-02 14:08:33 DEBUG Matcher:124 - end call isConsumerMovingToNewEntity 1#7599125
Thread-2id 2020-09-02 14:08:33 DEBUG App:91 - Get consumers entity
Thread-2id 2020-09-02 14:08:33 DEBUG Matcher:29 - [START] Applying rule class com.nyble.match.rules.PhoneAndNameRule to consumer 1#7599125
Thread-0id 2020-09-02 14:08:33 DEBUG Matcher:34 - [END] Applying rule class com.nyble.match.rules.PhoneAndNameRule to consumer 1#6955099
Thread-0id 2020-09-02 14:08:33 DEBUG Matcher:29 - [START] Applying rule class com.nyble.match.rules.EmailRule to consumer 1#6955099
Thread-2id 2020-09-02 14:08:33 DEBUG Matcher:34 - [END] Applying rule class com.nyble.match.rules.PhoneAndNameRule to consumer 1#7599125
Thread-2id 2020-09-02 14:08:33 DEBUG Matcher:29 - [START] Applying rule class com.nyble.match.rules.EmailRule to consumer 1#7599125
Thread-0id 2020-09-02 14:08:33 DEBUG Matcher:34 - [END] Applying rule class com.nyble.match.rules.EmailRule to consumer 1#6955099
Thread-0id 2020-09-02 14:08:33 DEBUG Matcher:112 - call isConsumerMovingToNewEntity 1#6955099
Thread-0id 2020-09-02 14:08:33 DEBUG Matcher:124 - end call isConsumerMovingToNewEntity 1#6955099
Thread-0id 2020-09-02 14:08:33 DEBUG App:91 - Get consumers entity
Thread-0id 2020-09-02 14:08:33 DEBUG Matcher:29 - [START] Applying rule class com.nyble.match.rules.PhoneAndNameRule to consumer 1#6955099
Thread-2id 2020-09-02 14:08:33 DEBUG Matcher:34 - [END] Applying rule class com.nyble.match.rules.EmailRule to consumer 1#7599125
Thread-2id 2020-09-02 14:08:33 DEBUG Matcher:112 - call isConsumerMovingToNewEntity 1#7599125
Thread-2id 2020-09-02 14:08:33 DEBUG Matcher:124 - end call isConsumerMovingToNewEntity 1#7599125
Thread-2id 2020-09-02 14:08:33 DEBUG App:91 - Get consumers entity
Thread-2id 2020-09-02 14:08:33 DEBUG Matcher:29 - [START] Applying rule class com.nyble.match.rules.PhoneAndNameRule to consumer 1#7599124
Thread-0id 2020-09-02 14:08:33 DEBUG Matcher:34 - [END] Applying rule class com.nyble.match.rules.PhoneAndNameRule to consumer 1#6955099
Thread-0id 2020-09-02 14:08:33 DEBUG Matcher:29 - [START] Applying rule class com.nyble.match.rules.EmailRule to consumer 1#6955099
Thread-2id 2020-09-02 14:08:34 DEBUG Matcher:34 - [END] Applying rule class com.nyble.match.rules.PhoneAndNameRule to consumer 1#7599124
Thread-2id 2020-09-02 14:08:34 DEBUG Matcher:29 - [START] Applying rule class com.nyble.match.rules.EmailRule to consumer 1#7599124
Thread-0id 2020-09-02 14:08:34 DEBUG Matcher:34 - [END] Applying rule class com.nyble.match.rules.EmailRule to consumer 1#6955099
Thread-0id 2020-09-02 14:08:34 DEBUG Matcher:112 - call isConsumerMovingToNewEntity 1#6955099
Thread-0id 2020-09-02 14:08:34 DEBUG Matcher:124 - end call isConsumerMovingToNewEntity 1#6955099
Thread-0id 2020-09-02 14:08:34 DEBUG App:91 - Get consumers entity
Thread-0id 2020-09-02 14:08:34 DEBUG Matcher:29 - [START] Applying rule class com.nyble.match.rules.PhoneAndNameRule to consumer 1#6955099
Thread-2id 2020-09-02 14:08:34 DEBUG Matcher:34 - [END] Applying rule class com.nyble.match.rules.EmailRule to consumer 1#7599124
Thread-2id 2020-09-02 14:08:34 DEBUG Matcher:112 - call isConsumerMovingToNewEntity 1#7599124
Thread-2id 2020-09-02 14:08:34 DEBUG Matcher:124 - end call isConsumerMovingToNewEntity 1#7599124
Thread-2id 2020-09-02 14:08:34 DEBUG App:91 - Get consumers entity
Thread-2id 2020-09-02 14:08:34 DEBUG Matcher:29 - [START] Applying rule class com.nyble.match.rules.PhoneAndNameRule to consumer 1#7599124
Thread-0id 2020-09-02 14:08:34 DEBUG Matcher:34 - [END] Applying rule class com.nyble.match.rules.PhoneAndNameRule to consumer 1#6955099
Thread-0id 2020-09-02 14:08:34 DEBUG Matcher:29 - [START] Applying rule class com.nyble.match.rules.EmailRule to consumer 1#6955099
Thread-2id 2020-09-02 14:08:34 DEBUG Matcher:34 - [END] Applying rule class com.nyble.match.rules.PhoneAndNameRule to consumer 1#7599124
Thread-2id 2020-09-02 14:08:34 DEBUG Matcher:29 - [START] Applying rule class com.nyble.match.rules.EmailRule to consumer 1#7599124
Thread-0id 2020-09-02 14:08:34 DEBUG Matcher:34 - [END] Applying rule class com.nyble.match.rules.EmailRule to consumer 1#6955099
Thread-0id 2020-09-02 14:08:34 DEBUG Matcher:112 - call isConsumerMovingToNewEntity 1#6955099
Thread-0id 2020-09-02 14:08:34 DEBUG Matcher:124 - end call isConsumerMovingToNewEntity 1#6955099
Thread-0id 2020-09-02 14:08:34 DEBUG App:91 - Get consumers entity
Thread-0id 2020-09-02 14:08:34 DEBUG Matcher:29 - [START] Applying rule class com.nyble.match.rules.PhoneAndNameRule to consumer 1#6955099
Thread-2id 2020-09-02 14:08:34 DEBUG Matcher:34 - [END] Applying rule class com.nyble.match.rules.EmailRule to consumer 1#7599124
Thread-2id 2020-09-02 14:08:34 DEBUG Matcher:112 - call isConsumerMovingToNewEntity 1#7599124
Thread-2id 2020-09-02 14:08:34 DEBUG Matcher:124 - end call isConsumerMovingToNewEntity 1#7599124
Thread-2id 2020-09-02 14:08:34 DEBUG App:91 - Get consumers entity
Thread-2id 2020-09-02 14:08:34 DEBUG Matcher:29 - [START] Applying rule class com.nyble.match.rules.PhoneAndNameRule to consumer 1#7599124
Thread-0id 2020-09-02 14:08:35 DEBUG Matcher:34 - [END] Applying rule class com.nyble.match.rules.PhoneAndNameRule to consumer 1#6955099
Thread-0id 2020-09-02 14:08:35 DEBUG Matcher:29 - [START] Applying rule class com.nyble.match.rules.EmailRule to consumer 1#6955099
Thread-2id 2020-09-02 14:08:35 DEBUG Matcher:34 - [END] Applying rule class com.nyble.match.rules.PhoneAndNameRule to consumer 1#7599124
Thread-2id 2020-09-02 14:08:35 DEBUG Matcher:29 - [START] Applying rule class com.nyble.match.rules.EmailRule to consumer 1#7599124
Thread-0id 2020-09-02 14:08:35 DEBUG Matcher:34 - [END] Applying rule class com.nyble.match.rules.EmailRule to consumer 1#6955099
Thread-0id 2020-09-02 14:08:35 DEBUG Matcher:112 - call isConsumerMovingToNewEntity 1#6955099
Thread-0id 2020-09-02 14:08:35 DEBUG Matcher:124 - end call isConsumerMovingToNewEntity 1#6955099
Thread-0id 2020-09-02 14:08:35 DEBUG App:91 - Get consumers entity
Thread-0id 2020-09-02 14:08:35 DEBUG Matcher:29 - [START] Applying rule class com.nyble.match.rules.PhoneAndNameRule to consumer 1#6955127
Thread-2id 2020-09-02 14:08:35 DEBUG Matcher:34 - [END] Applying rule class com.nyble.match.rules.EmailRule to consumer 1#7599124
Thread-2id 2020-09-02 14:08:35 DEBUG Matcher:112 - call isConsumerMovingToNewEntity 1#7599124
Thread-2id 2020-09-02 14:08:35 DEBUG Matcher:124 - end call isConsumerMovingToNewEntity 1#7599124
Thread-2id 2020-09-02 14:08:35 DEBUG App:91 - Get consumers entity
Thread-2id 2020-09-02 14:08:35 DEBUG Matcher:29 - [START] Applying rule class com.nyble.match.rules.PhoneAndNameRule to consumer 1#7599124
Thread-0id 2020-09-02 14:08:35 DEBUG Matcher:34 - [END] Applying rule class com.nyble.match.rules.PhoneAndNameRule to consumer 1#6955127
Thread-0id 2020-09-02 14:08:35 DEBUG Matcher:29 - [START] Applying rule class com.nyble.match.rules.EmailRule to consumer 1#6955127
Thread-2id 2020-09-02 14:08:35 DEBUG Matcher:34 - [END] Applying rule class com.nyble.match.rules.PhoneAndNameRule to consumer 1#7599124
Thread-2id 2020-09-02 14:08:35 DEBUG Matcher:29 - [START] Applying rule class com.nyble.match.rules.EmailRule to consumer 1#7599124
Thread-0id 2020-09-02 14:08:36 DEBUG Matcher:34 - [END] Applying rule class com.nyble.match.rules.EmailRule to consumer 1#6955127
Thread-0id 2020-09-02 14:08:36 DEBUG Matcher:112 - call isConsumerMovingToNewEntity 1#6955127
Thread-2id 2020-09-02 14:08:36 DEBUG Matcher:34 - [END] Applying rule class com.nyble.match.rules.EmailRule to consumer 1#7599124
Thread-2id 2020-09-02 14:08:36 DEBUG Matcher:112 - call isConsumerMovingToNewEntity 1#7599124
Thread-0id 2020-09-02 14:08:36 DEBUG Matcher:124 - end call isConsumerMovingToNewEntity 1#6955127
Thread-0id 2020-09-02 14:08:36 DEBUG App:91 - Get consumers entity
Thread-0id 2020-09-02 14:08:36 DEBUG Matcher:29 - [START] Applying rule class com.nyble.match.rules.PhoneAndNameRule to consumer 1#6955127
Thread-2id 2020-09-02 14:08:36 DEBUG Matcher:124 - end call isConsumerMovingToNewEntity 1#7599124
Thread-2id 2020-09-02 14:08:36 DEBUG App:91 - Get consumers entity
Thread-2id 2020-09-02 14:08:36 DEBUG Matcher:29 - [START] Applying rule class com.nyble.match.rules.PhoneAndNameRule to consumer 1#7599127
Thread-2id 2020-09-02 14:08:36 DEBUG Matcher:34 - [END] Applying rule class com.nyble.match.rules.PhoneAndNameRule to consumer 1#7599127
Thread-0id 2020-09-02 14:08:36 DEBUG Matcher:34 - [END] Applying rule class com.nyble.match.rules.PhoneAndNameRule to consumer 1#6955127
Thread-2id 2020-09-02 14:08:36 DEBUG Matcher:29 - [START] Applying rule class com.nyble.match.rules.EmailRule to consumer 1#7599127
Thread-0id 2020-09-02 14:08:36 DEBUG Matcher:29 - [START] Applying rule class com.nyble.match.rules.EmailRule to consumer 1#6955127
Thread-0id 2020-09-02 14:08:36 DEBUG Matcher:34 - [END] Applying rule class com.nyble.match.rules.EmailRule to consumer 1#6955127
Thread-0id 2020-09-02 14:08:36 DEBUG Matcher:112 - call isConsumerMovingToNewEntity 1#6955127
Thread-0id 2020-09-02 14:08:36 DEBUG Matcher:124 - end call isConsumerMovingToNewEntity 1#6955127
Thread-0id 2020-09-02 14:08:36 DEBUG App:91 - Get consumers entity
Thread-0id 2020-09-02 14:08:36 DEBUG Matcher:29 - [START] Applying rule class com.nyble.match.rules.PhoneAndNameRule to consumer 1#6955127
Thread-2id 2020-09-02 14:08:36 DEBUG Matcher:34 - [END] Applying rule class com.nyble.match.rules.EmailRule to consumer 1#7599127
Thread-2id 2020-09-02 14:08:36 DEBUG Matcher:112 - call isConsumerMovingToNewEntity 1#7599127
Thread-2id 2020-09-02 14:08:36 DEBUG Matcher:124 - end call isConsumerMovingToNewEntity 1#7599127
Thread-2id 2020-09-02 14:08:36 DEBUG App:91 - Get consumers entity
Thread-2id 2020-09-02 14:08:36 DEBUG Matcher:29 - [START] Applying rule class com.nyble.match.rules.PhoneAndNameRule to consumer 1#7599127
Thread-0id 2020-09-02 14:08:36 DEBUG Matcher:34 - [END] Applying rule class com.nyble.match.rules.PhoneAndNameRule to consumer 1#6955127
Thread-0id 2020-09-02 14:08:36 DEBUG Matcher:29 - [START] Applying rule class com.nyble.match.rules.EmailRule to consumer 1#6955127
Thread-2id 2020-09-02 14:08:36 DEBUG Matcher:34 - [END] Applying rule class com.nyble.match.rules.PhoneAndNameRule to consumer 1#7599127
Thread-2id 2020-09-02 14:08:36 DEBUG Matcher:29 - [START] Applying rule class com.nyble.match.rules.EmailRule to consumer 1#7599127
Thread-0id 2020-09-02 14:08:37 DEBUG Matcher:34 - [END] Applying rule class com.nyble.match.rules.EmailRule to consumer 1#6955127
Thread-0id 2020-09-02 14:08:37 DEBUG Matcher:112 - call isConsumerMovingToNewEntity 1#6955127
Thread-2id 2020-09-02 14:08:37 DEBUG Matcher:34 - [END] Applying rule class com.nyble.match.rules.EmailRule to consumer 1#7599127
Thread-2id 2020-09-02 14:08:37 DEBUG Matcher:112 - call isConsumerMovingToNewEntity 1#7599127
Thread-0id 2020-09-02 14:08:37 DEBUG Matcher:124 - end call isConsumerMovingToNewEntity 1#6955127
Thread-0id 2020-09-02 14:08:37 DEBUG App:91 - Get consumers entity
Thread-0id 2020-09-02 14:08:37 DEBUG Matcher:29 - [START] Applying rule class com.nyble.match.rules.PhoneAndNameRule to consumer 1#6955127
Thread-2id 2020-09-02 14:08:37 DEBUG Matcher:124 - end call isConsumerMovingToNewEntity 1#7599127
Thread-2id 2020-09-02 14:08:37 DEBUG App:91 - Get consumers entity
Thread-2id 2020-09-02 14:08:37 DEBUG Matcher:29 - [START] Applying rule class com.nyble.match.rules.PhoneAndNameRule to consumer 1#7599127
Thread-0id 2020-09-02 14:08:37 DEBUG Matcher:34 - [END] Applying rule class com.nyble.match.rules.PhoneAndNameRule to consumer 1#6955127
Thread-0id 2020-09-02 14:08:37 DEBUG Matcher:29 - [START] Applying rule class com.nyble.match.rules.EmailRule to consumer 1#6955127
Thread-2id 2020-09-02 14:08:37 DEBUG Matcher:34 - [END] Applying rule class com.nyble.match.rules.PhoneAndNameRule to consumer 1#7599127
Thread-2id 2020-09-02 14:08:37 DEBUG Matcher:29 - [START] Applying rule class com.nyble.match.rules.EmailRule to consumer 1#7599127
Thread-0id 2020-09-02 14:08:37 DEBUG Matcher:34 - [END] Applying rule class com.nyble.match.rules.EmailRule to consumer 1#6955127
Thread-0id 2020-09-02 14:08:37 DEBUG Matcher:112 - call isConsumerMovingToNewEntity 1#6955127
Thread-2id 2020-09-02 14:08:37 DEBUG Matcher:34 - [END] Applying rule class com.nyble.match.rules.EmailRule to consumer 1#7599127
Thread-2id 2020-09-02 14:08:37 DEBUG Matcher:112 - call isConsumerMovingToNewEntity 1#7599127
Thread-0id 2020-09-02 14:08:37 DEBUG Matcher:124 - end call isConsumerMovingToNewEntity 1#6955127
Thread-0id 2020-09-02 14:08:37 DEBUG App:91 - Get consumers entity
Thread-0id 2020-09-02 14:08:37 DEBUG Matcher:29 - [START] Applying rule class com.nyble.match.rules.PhoneAndNameRule to consumer 1#6955123
Thread-2id 2020-09-02 14:08:37 DEBUG Matcher:124 - end call isConsumerMovingToNewEntity 1#7599127
Thread-2id 2020-09-02 14:08:37 DEBUG App:91 - Get consumers entity
Thread-2id 2020-09-02 14:08:37 DEBUG Matcher:29 - [START] Applying rule class com.nyble.match.rules.PhoneAndNameRule to consumer 1#7599127
Thread-0id 2020-09-02 14:08:38 DEBUG Matcher:34 - [END] Applying rule class com.nyble.match.rules.PhoneAndNameRule to consumer 1#6955123
Thread-0id 2020-09-02 14:08:38 DEBUG Matcher:29 - [START] Applying rule class com.nyble.match.rules.EmailRule to consumer 1#6955123
Thread-2id 2020-09-02 14:08:38 DEBUG Matcher:34 - [END] Applying rule class com.nyble.match.rules.PhoneAndNameRule to consumer 1#7599127
Thread-2id 2020-09-02 14:08:38 DEBUG Matcher:29 - [START] Applying rule class com.nyble.match.rules.EmailRule to consumer 1#7599127
Thread-0id 2020-09-02 14:08:38 DEBUG Matcher:34 - [END] Applying rule class com.nyble.match.rules.EmailRule to consumer 1#6955123
Thread-0id 2020-09-02 14:08:38 DEBUG Matcher:112 - call isConsumerMovingToNewEntity 1#6955123
Thread-0id 2020-09-02 14:08:38 DEBUG Matcher:124 - end call isConsumerMovingToNewEntity 1#6955123
Thread-0id 2020-09-02 14:08:38 DEBUG App:91 - Get consumers entity
Thread-0id 2020-09-02 14:08:38 DEBUG Matcher:29 - [START] Applying rule class com.nyble.match.rules.PhoneAndNameRule to consumer 1#6955123
Thread-2id 2020-09-02 14:08:38 DEBUG Matcher:34 - [END] Applying rule class com.nyble.match.rules.EmailRule to consumer 1#7599127
Thread-2id 2020-09-02 14:08:38 DEBUG Matcher:112 - call isConsumerMovingToNewEntity 1#7599127
Thread-2id 2020-09-02 14:08:38 DEBUG Matcher:124 - end call isConsumerMovingToNewEntity 1#7599127
Thread-2id 2020-09-02 14:08:38 DEBUG App:91 - Get consumers entity
Thread-2id 2020-09-02 14:08:38 DEBUG Matcher:29 - [START] Applying rule class com.nyble.match.rules.PhoneAndNameRule to consumer 1#7599193
Thread-0id 2020-09-02 14:08:38 DEBUG Matcher:34 - [END] Applying rule class com.nyble.match.rules.PhoneAndNameRule to consumer 1#6955123
Thread-0id 2020-09-02 14:08:38 DEBUG Matcher:29 - [START] Applying rule class com.nyble.match.rules.EmailRule to consumer 1#6955123
Thread-2id 2020-09-02 14:08:38 DEBUG Matcher:34 - [END] Applying rule class com.nyble.match.rules.PhoneAndNameRule to consumer 1#7599193
Thread-2id 2020-09-02 14:08:38 DEBUG Matcher:29 - [START] Applying rule class com.nyble.match.rules.EmailRule to consumer 1#7599193
Thread-0id 2020-09-02 14:08:39 DEBUG Matcher:34 - [END] Applying rule class com.nyble.match.rules.EmailRule to consumer 1#6955123
Thread-0id 2020-09-02 14:08:39 DEBUG Matcher:112 - call isConsumerMovingToNewEntity 1#6955123
Thread-2id 2020-09-02 14:08:39 DEBUG Matcher:34 - [END] Applying rule class com.nyble.match.rules.EmailRule to consumer 1#7599193
Thread-2id 2020-09-02 14:08:39 DEBUG Matcher:112 - call isConsumerMovingToNewEntity 1#7599193
Thread-0id 2020-09-02 14:08:39 DEBUG Matcher:124 - end call isConsumerMovingToNewEntity 1#6955123
Thread-2id 2020-09-02 14:08:39 DEBUG Matcher:124 - end call isConsumerMovingToNewEntity 1#7599193
Thread-0id 2020-09-02 14:08:39 DEBUG App:91 - Get consumers entity
Thread-0id 2020-09-02 14:08:39 DEBUG Matcher:29 - [START] Applying rule class com.nyble.match.rules.PhoneAndNameRule to consumer 1#6955123
Thread-2id 2020-09-02 14:08:39 DEBUG App:91 - Get consumers entity
Thread-2id 2020-09-02 14:08:39 DEBUG Matcher:29 - [START] Applying rule class com.nyble.match.rules.PhoneAndNameRule to consumer 1#7599193
Thread-0id 2020-09-02 14:08:39 DEBUG Matcher:34 - [END] Applying rule class com.nyble.match.rules.PhoneAndNameRule to consumer 1#6955123
Thread-2id 2020-09-02 14:08:39 DEBUG Matcher:34 - [END] Applying rule class com.nyble.match.rules.PhoneAndNameRule to consumer 1#7599193
Thread-0id 2020-09-02 14:08:39 DEBUG Matcher:29 - [START] Applying rule class com.nyble.match.rules.EmailRule to consumer 1#6955123
Thread-2id 2020-09-02 14:08:39 DEBUG Matcher:29 - [START] Applying rule class com.nyble.match.rules.EmailRule to consumer 1#7599193
Thread-2id 2020-09-02 14:08:40 DEBUG Matcher:34 - [END] Applying rule class com.nyble.match.rules.EmailRule to consumer 1#7599193
Thread-2id 2020-09-02 14:08:40 DEBUG Matcher:112 - call isConsumerMovingToNewEntity 1#7599193
Thread-0id 2020-09-02 14:08:40 DEBUG Matcher:34 - [END] Applying rule class com.nyble.match.rules.EmailRule to consumer 1#6955123
Thread-0id 2020-09-02 14:08:40 DEBUG Matcher:112 - call isConsumerMovingToNewEntity 1#6955123
Thread-0id 2020-09-02 14:08:40 DEBUG Matcher:124 - end call isConsumerMovingToNewEntity 1#6955123
Thread-0id 2020-09-02 14:08:40 DEBUG App:91 - Get consumers entity
Thread-0id 2020-09-02 14:08:40 DEBUG Matcher:29 - [START] Applying rule class com.nyble.match.rules.PhoneAndNameRule to consumer 1#6955123
Thread-2id 2020-09-02 14:08:40 DEBUG Matcher:124 - end call isConsumerMovingToNewEntity 1#7599193
Thread-2id 2020-09-02 14:08:40 DEBUG App:91 - Get consumers entity
Thread-2id 2020-09-02 14:08:40 DEBUG Matcher:29 - [START] Applying rule class com.nyble.match.rules.PhoneAndNameRule to consumer 1#7599193
Thread-0id 2020-09-02 14:08:40 DEBUG Matcher:34 - [END] Applying rule class com.nyble.match.rules.PhoneAndNameRule to consumer 1#6955123
Thread-0id 2020-09-02 14:08:40 DEBUG Matcher:29 - [START] Applying rule class com.nyble.match.rules.EmailRule to consumer 1#6955123
Thread-2id 2020-09-02 14:08:40 DEBUG Matcher:34 - [END] Applying rule class com.nyble.match.rules.PhoneAndNameRule to consumer 1#7599193
Thread-2id 2020-09-02 14:08:40 DEBUG Matcher:29 - [START] Applying rule class com.nyble.match.rules.EmailRule to consumer 1#7599193
Thread-0id 2020-09-02 14:08:40 DEBUG Matcher:34 - [END] Applying rule class com.nyble.match.rules.EmailRule to consumer 1#6955123
Thread-0id 2020-09-02 14:08:40 DEBUG Matcher:112 - call isConsumerMovingToNewEntity 1#6955123
Thread-0id 2020-09-02 14:08:40 DEBUG Matcher:124 - end call isConsumerMovingToNewEntity 1#6955123
Thread-0id 2020-09-02 14:08:40 DEBUG App:91 - Get consumers entity
Thread-0id 2020-09-02 14:08:40 DEBUG Matcher:29 - [START] Applying rule class com.nyble.match.rules.PhoneAndNameRule to consumer 1#6955176
Thread-2id 2020-09-02 14:08:40 DEBUG Matcher:34 - [END] Applying rule class com.nyble.match.rules.EmailRule to consumer 1#7599193
Thread-2id 2020-09-02 14:08:40 DEBUG Matcher:112 - call isConsumerMovingToNewEntity 1#7599193
Thread-2id 2020-09-02 14:08:40 DEBUG Matcher:124 - end call isConsumerMovingToNewEntity 1#7599193
Thread-2id 2020-09-02 14:08:40 DEBUG App:91 - Get consumers entity
Thread-2id 2020-09-02 14:08:40 DEBUG Matcher:29 - [START] Applying rule class com.nyble.match.rules.PhoneAndNameRule to consumer 1#7599193
Thread-0id 2020-09-02 14:08:40 DEBUG Matcher:34 - [END] Applying rule class com.nyble.match.rules.PhoneAndNameRule to consumer 1#6955176
Thread-0id 2020-09-02 14:08:40 DEBUG Matcher:29 - [START] Applying rule class com.nyble.match.rules.EmailRule to consumer 1#6955176
Thread-2id 2020-09-02 14:08:40 DEBUG Matcher:34 - [END] Applying rule class com.nyble.match.rules.PhoneAndNameRule to consumer 1#7599193
Thread-2id 2020-09-02 14:08:40 DEBUG Matcher:29 - [START] Applying rule class com.nyble.match.rules.EmailRule to consumer 1#7599193
Thread-0id 2020-09-02 14:08:40 DEBUG Matcher:34 - [END] Applying rule class com.nyble.match.rules.EmailRule to consumer 1#6955176
Thread-0id 2020-09-02 14:08:40 DEBUG Matcher:112 - call isConsumerMovingToNewEntity 1#6955176
Thread-0id 2020-09-02 14:08:40 DEBUG Matcher:124 - end call isConsumerMovingToNewEntity 1#6955176
Thread-0id 2020-09-02 14:08:40 DEBUG App:91 - Get consumers entity
Thread-0id 2020-09-02 14:08:40 DEBUG Matcher:29 - [START] Applying rule class com.nyble.match.rules.PhoneAndNameRule to consumer 1#6955176
Thread-2id 2020-09-02 14:08:41 DEBUG Matcher:34 - [END] Applying rule class com.nyble.match.rules.EmailRule to consumer 1#7599193
Thread-2id 2020-09-02 14:08:41 DEBUG Matcher:112 - call isConsumerMovingToNewEntity 1#7599193
Thread-2id 2020-09-02 14:08:41 DEBUG Matcher:124 - end call isConsumerMovingToNewEntity 1#7599193
Thread-2id 2020-09-02 14:08:41 DEBUG App:91 - Get consumers entity
Thread-2id 2020-09-02 14:08:41 DEBUG Matcher:29 - [START] Applying rule class com.nyble.match.rules.PhoneAndNameRule to consumer 1#7599187
Thread-0id 2020-09-02 14:08:41 DEBUG Matcher:34 - [END] Applying rule class com.nyble.match.rules.PhoneAndNameRule to consumer 1#6955176
Thread-0id 2020-09-02 14:08:41 DEBUG Matcher:29 - [START] Applying rule class com.nyble.match.rules.EmailRule to consumer 1#6955176
Thread-0id 2020-09-02 14:08:41 DEBUG Matcher:34 - [END] Applying rule class com.nyble.match.rules.EmailRule to consumer 1#6955176
Thread-0id 2020-09-02 14:08:41 DEBUG Matcher:112 - call isConsumerMovingToNewEntity 1#6955176
Thread-2id 2020-09-02 14:08:41 DEBUG Matcher:34 - [END] Applying rule class com.nyble.match.rules.PhoneAndNameRule to consumer 1#7599187
Thread-2id 2020-09-02 14:08:41 DEBUG Matcher:29 - [START] Applying rule class com.nyble.match.rules.EmailRule to consumer 1#7599187
Thread-0id 2020-09-02 14:08:41 DEBUG Matcher:124 - end call isConsumerMovingToNewEntity 1#6955176
Thread-0id 2020-09-02 14:08:41 DEBUG App:91 - Get consumers entity
Thread-0id 2020-09-02 14:08:41 DEBUG Matcher:29 - [START] Applying rule class com.nyble.match.rules.PhoneAndNameRule to consumer 1#6955176
Thread-2id 2020-09-02 14:08:41 DEBUG Matcher:34 - [END] Applying rule class com.nyble.match.rules.EmailRule to consumer 1#7599187
Thread-0id 2020-09-02 14:08:41 DEBUG Matcher:34 - [END] Applying rule class com.nyble.match.rules.PhoneAndNameRule to consumer 1#6955176
Thread-2id 2020-09-02 14:08:41 DEBUG Matcher:112 - call isConsumerMovingToNewEntity 1#7599187
Thread-0id 2020-09-02 14:08:41 DEBUG Matcher:29 - [START] Applying rule class com.nyble.match.rules.EmailRule to consumer 1#6955176
Thread-2id 2020-09-02 14:08:41 DEBUG Matcher:124 - end call isConsumerMovingToNewEntity 1#7599187
Thread-2id 2020-09-02 14:08:41 DEBUG App:91 - Get consumers entity
Thread-2id 2020-09-02 14:08:41 DEBUG Matcher:29 - [START] Applying rule class com.nyble.match.rules.PhoneAndNameRule to consumer 1#7599187
Thread-0id 2020-09-02 14:08:42 DEBUG Matcher:34 - [END] Applying rule class com.nyble.match.rules.EmailRule to consumer 1#6955176
Thread-0id 2020-09-02 14:08:42 DEBUG Matcher:112 - call isConsumerMovingToNewEntity 1#6955176
Thread-2id 2020-09-02 14:08:42 DEBUG Matcher:34 - [END] Applying rule class com.nyble.match.rules.PhoneAndNameRule to consumer 1#7599187
Thread-2id 2020-09-02 14:08:42 DEBUG Matcher:29 - [START] Applying rule class com.nyble.match.rules.EmailRule to consumer 1#7599187
Thread-0id 2020-09-02 14:08:42 DEBUG Matcher:124 - end call isConsumerMovingToNewEntity 1#6955176
Thread-0id 2020-09-02 14:08:42 DEBUG App:91 - Get consumers entity
Thread-0id 2020-09-02 14:08:42 DEBUG Matcher:29 - [START] Applying rule class com.nyble.match.rules.PhoneAndNameRule to consumer 1#6955176
Thread-0id 2020-09-02 14:08:42 DEBUG Matcher:34 - [END] Applying rule class com.nyble.match.rules.PhoneAndNameRule to consumer 1#6955176
Thread-0id 2020-09-02 14:08:42 DEBUG Matcher:29 - [START] Applying rule class com.nyble.match.rules.EmailRule to consumer 1#6955176
Thread-2id 2020-09-02 14:08:42 DEBUG Matcher:34 - [END] Applying rule class com.nyble.match.rules.EmailRule to consumer 1#7599187
Thread-2id 2020-09-02 14:08:42 DEBUG Matcher:112 - call isConsumerMovingToNewEntity 1#7599187
Thread-2id 2020-09-02 14:08:42 DEBUG Matcher:124 - end call isConsumerMovingToNewEntity 1#7599187
Thread-2id 2020-09-02 14:08:42 DEBUG App:91 - Get consumers entity
Thread-2id 2020-09-02 14:08:42 DEBUG Matcher:29 - [START] Applying rule class com.nyble.match.rules.PhoneAndNameRule to consumer 1#7599187
Thread-2id 2020-09-02 14:08:42 DEBUG Matcher:34 - [END] Applying rule class com.nyble.match.rules.PhoneAndNameRule to consumer 1#7599187
Thread-2id 2020-09-02 14:08:42 DEBUG Matcher:29 - [START] Applying rule class com.nyble.match.rules.EmailRule to consumer 1#7599187
Thread-0id 2020-09-02 14:08:42 DEBUG Matcher:34 - [END] Applying rule class com.nyble.match.rules.EmailRule to consumer 1#6955176
Thread-0id 2020-09-02 14:08:42 DEBUG Matcher:112 - call isConsumerMovingToNewEntity 1#6955176
Thread-0id 2020-09-02 14:08:42 DEBUG Matcher:124 - end call isConsumerMovingToNewEntity 1#6955176
Thread-0id 2020-09-02 14:08:42 DEBUG App:91 - Get consumers entity
Thread-0id 2020-09-02 14:08:42 DEBUG Matcher:29 - [START] Applying rule class com.nyble.match.rules.PhoneAndNameRule to consumer 1#6955222
Thread-2id 2020-09-02 14:08:43 DEBUG Matcher:34 - [END] Applying rule class com.nyble.match.rules.EmailRule to consumer 1#7599187
Thread-2id 2020-09-02 14:08:43 DEBUG Matcher:112 - call isConsumerMovingToNewEntity 1#7599187
Thread-0id 2020-09-02 14:08:43 DEBUG Matcher:34 - [END] Applying rule class com.nyble.match.rules.PhoneAndNameRule to consumer 1#6955222
Thread-0id 2020-09-02 14:08:43 DEBUG Matcher:29 - [START] Applying rule class com.nyble.match.rules.EmailRule to consumer 1#6955222
Thread-2id 2020-09-02 14:08:43 DEBUG Matcher:124 - end call isConsumerMovingToNewEntity 1#7599187
Thread-2id 2020-09-02 14:08:43 DEBUG App:91 - Get consumers entity
Thread-2id 2020-09-02 14:08:43 DEBUG Matcher:29 - [START] Applying rule class com.nyble.match.rules.PhoneAndNameRule to consumer 1#7599187
Thread-0id 2020-09-02 14:08:43 DEBUG Matcher:34 - [END] Applying rule class com.nyble.match.rules.EmailRule to consumer 1#6955222
Thread-0id 2020-09-02 14:08:43 DEBUG Matcher:112 - call isConsumerMovingToNewEntity 1#6955222
Thread-2id 2020-09-02 14:08:43 DEBUG Matcher:34 - [END] Applying rule class com.nyble.match.rules.PhoneAndNameRule to consumer 1#7599187
Thread-2id 2020-09-02 14:08:43 DEBUG Matcher:29 - [START] Applying rule class com.nyble.match.rules.EmailRule to consumer 1#7599187
Thread-0id 2020-09-02 14:08:43 DEBUG Matcher:124 - end call isConsumerMovingToNewEntity 1#6955222
Thread-0id 2020-09-02 14:08:43 DEBUG App:91 - Get consumers entity
Thread-0id 2020-09-02 14:08:43 DEBUG Matcher:29 - [START] Applying rule class com.nyble.match.rules.PhoneAndNameRule to consumer 1#6955222
Thread-0id 2020-09-02 14:08:43 DEBUG Matcher:34 - [END] Applying rule class com.nyble.match.rules.PhoneAndNameRule to consumer 1#6955222
Thread-0id 2020-09-02 14:08:43 DEBUG Matcher:29 - [START] Applying rule class com.nyble.match.rules.EmailRule to consumer 1#6955222
Thread-2id 2020-09-02 14:08:43 DEBUG Matcher:34 - [END] Applying rule class com.nyble.match.rules.EmailRule to consumer 1#7599187
Thread-2id 2020-09-02 14:08:43 DEBUG Matcher:112 - call isConsumerMovingToNewEntity 1#7599187
Thread-2id 2020-09-02 14:08:43 DEBUG Matcher:124 - end call isConsumerMovingToNewEntity 1#7599187
Thread-2id 2020-09-02 14:08:43 DEBUG App:91 - Get consumers entity
Thread-2id 2020-09-02 14:08:43 DEBUG Matcher:29 - [START] Applying rule class com.nyble.match.rules.PhoneAndNameRule to consumer 1#7599226
Thread-0id 2020-09-02 14:08:43 DEBUG Matcher:34 - [END] Applying rule class com.nyble.match.rules.EmailRule to consumer 1#6955222
Thread-0id 2020-09-02 14:08:43 DEBUG Matcher:112 - call isConsumerMovingToNewEntity 1#6955222
Thread-0id 2020-09-02 14:08:43 DEBUG Matcher:124 - end call isConsumerMovingToNewEntity 1#6955222
Thread-0id 2020-09-02 14:08:43 DEBUG App:91 - Get consumers entity
Thread-0id 2020-09-02 14:08:43 DEBUG Matcher:29 - [START] Applying rule class com.nyble.match.rules.PhoneAndNameRule to consumer 1#6955222
Thread-2id 2020-09-02 14:08:43 DEBUG Matcher:34 - [END] Applying rule class com.nyble.match.rules.PhoneAndNameRule to consumer 1#7599226
Thread-2id 2020-09-02 14:08:43 DEBUG Matcher:29 - [START] Applying rule class com.nyble.match.rules.EmailRule to consumer 1#7599226
Thread-0id 2020-09-02 14:08:44 DEBUG Matcher:34 - [END] Applying rule class com.nyble.match.rules.PhoneAndNameRule to consumer 1#6955222
Thread-0id 2020-09-02 14:08:44 DEBUG Matcher:29 - [START] Applying rule class com.nyble.match.rules.EmailRule to consumer 1#6955222
Thread-2id 2020-09-02 14:08:44 DEBUG Matcher:34 - [END] Applying rule class com.nyble.match.rules.EmailRule to consumer 1#7599226
Thread-2id 2020-09-02 14:08:44 DEBUG Matcher:112 - call isConsumerMovingToNewEntity 1#7599226
Thread-2id 2020-09-02 14:08:44 DEBUG Matcher:124 - end call isConsumerMovingToNewEntity 1#7599226
Thread-2id 2020-09-02 14:08:44 DEBUG App:91 - Get consumers entity
Thread-2id 2020-09-02 14:08:44 DEBUG Matcher:29 - [START] Applying rule class com.nyble.match.rules.PhoneAndNameRule to consumer 1#7599226
Thread-0id 2020-09-02 14:08:44 DEBUG Matcher:34 - [END] Applying rule class com.nyble.match.rules.EmailRule to consumer 1#6955222
Thread-0id 2020-09-02 14:08:44 DEBUG Matcher:112 - call isConsumerMovingToNewEntity 1#6955222
Thread-2id 2020-09-02 14:08:44 DEBUG Matcher:34 - [END] Applying rule class com.nyble.match.rules.PhoneAndNameRule to consumer 1#7599226
Thread-2id 2020-09-02 14:08:44 DEBUG Matcher:29 - [START] Applying rule class com.nyble.match.rules.EmailRule to consumer 1#7599226
Thread-0id 2020-09-02 14:08:44 DEBUG Matcher:124 - end call isConsumerMovingToNewEntity 1#6955222
Thread-0id 2020-09-02 14:08:44 DEBUG App:91 - Get consumers entity
Thread-0id 2020-09-02 14:08:44 DEBUG Matcher:29 - [START] Applying rule class com.nyble.match.rules.PhoneAndNameRule to consumer 1#6955222
Thread-2id 2020-09-02 14:08:44 DEBUG Matcher:34 - [END] Applying rule class com.nyble.match.rules.EmailRule to consumer 1#7599226
Thread-2id 2020-09-02 14:08:44 DEBUG Matcher:112 - call isConsumerMovingToNewEntity 1#7599226
Thread-0id 2020-09-02 14:08:44 DEBUG Matcher:34 - [END] Applying rule class com.nyble.match.rules.PhoneAndNameRule to consumer 1#6955222
Thread-0id 2020-09-02 14:08:44 DEBUG Matcher:29 - [START] Applying rule class com.nyble.match.rules.EmailRule to consumer 1#6955222
Thread-2id 2020-09-02 14:08:44 DEBUG Matcher:124 - end call isConsumerMovingToNewEntity 1#7599226
Thread-2id 2020-09-02 14:08:44 DEBUG App:91 - Get consumers entity
Thread-2id 2020-09-02 14:08:44 DEBUG Matcher:29 - [START] Applying rule class com.nyble.match.rules.PhoneAndNameRule to consumer 1#7599226
Thread-0id 2020-09-02 14:08:45 DEBUG Matcher:34 - [END] Applying rule class com.nyble.match.rules.EmailRule to consumer 1#6955222
Thread-0id 2020-09-02 14:08:45 DEBUG Matcher:112 - call isConsumerMovingToNewEntity 1#6955222
Thread-0id 2020-09-02 14:08:45 DEBUG Matcher:124 - end call isConsumerMovingToNewEntity 1#6955222
Thread-0id 2020-09-02 14:08:45 DEBUG App:91 - Get consumers entity
Thread-0id 2020-09-02 14:08:45 DEBUG Matcher:29 - [START] Applying rule class com.nyble.match.rules.PhoneAndNameRule to consumer 1#6955228
Thread-2id 2020-09-02 14:08:45 DEBUG Matcher:34 - [END] Applying rule class com.nyble.match.rules.PhoneAndNameRule to consumer 1#7599226
Thread-2id 2020-09-02 14:08:45 DEBUG Matcher:29 - [START] Applying rule class com.nyble.match.rules.EmailRule to consumer 1#7599226
Thread-0id 2020-09-02 14:08:45 DEBUG Matcher:34 - [END] Applying rule class com.nyble.match.rules.PhoneAndNameRule to consumer 1#6955228
Thread-0id 2020-09-02 14:08:45 DEBUG Matcher:29 - [START] Applying rule class com.nyble.match.rules.EmailRule to consumer 1#6955228
Thread-2id 2020-09-02 14:08:45 DEBUG Matcher:34 - [END] Applying rule class com.nyble.match.rules.EmailRule to consumer 1#7599226
Thread-2id 2020-09-02 14:08:45 DEBUG Matcher:112 - call isConsumerMovingToNewEntity 1#7599226
Thread-2id 2020-09-02 14:08:45 DEBUG Matcher:124 - end call isConsumerMovingToNewEntity 1#7599226
Thread-2id 2020-09-02 14:08:45 DEBUG App:91 - Get consumers entity
Thread-2id 2020-09-02 14:08:45 DEBUG Matcher:29 - [START] Applying rule class com.nyble.match.rules.PhoneAndNameRule to consumer 1#7599226
Thread-0id 2020-09-02 14:08:45 DEBUG Matcher:34 - [END] Applying rule class com.nyble.match.rules.EmailRule to consumer 1#6955228
Thread-0id 2020-09-02 14:08:45 DEBUG Matcher:112 - call isConsumerMovingToNewEntity 1#6955228
Thread-0id 2020-09-02 14:08:45 DEBUG Matcher:124 - end call isConsumerMovingToNewEntity 1#6955228
Thread-0id 2020-09-02 14:08:45 DEBUG App:91 - Get consumers entity
Thread-0id 2020-09-02 14:08:45 DEBUG Matcher:29 - [START] Applying rule class com.nyble.match.rules.PhoneAndNameRule to consumer 1#6955228
Thread-2id 2020-09-02 14:08:45 DEBUG Matcher:34 - [END] Applying rule class com.nyble.match.rules.PhoneAndNameRule to consumer 1#7599226
Thread-2id 2020-09-02 14:08:45 DEBUG Matcher:29 - [START] Applying rule class com.nyble.match.rules.EmailRule to consumer 1#7599226
Thread-0id 2020-09-02 14:08:45 DEBUG Matcher:34 - [END] Applying rule class com.nyble.match.rules.PhoneAndNameRule to consumer 1#6955228
Thread-0id 2020-09-02 14:08:45 DEBUG Matcher:29 - [START] Applying rule class com.nyble.match.rules.EmailRule to consumer 1#6955228
Thread-2id 2020-09-02 14:08:45 DEBUG Matcher:34 - [END] Applying rule class com.nyble.match.rules.EmailRule to consumer 1#7599226
Thread-2id 2020-09-02 14:08:45 DEBUG Matcher:112 - call isConsumerMovingToNewEntity 1#7599226
Thread-2id 2020-09-02 14:08:46 DEBUG Matcher:124 - end call isConsumerMovingToNewEntity 1#7599226
Thread-2id 2020-09-02 14:08:46 DEBUG App:91 - Get consumers entity
Thread-2id 2020-09-02 14:08:46 DEBUG Matcher:29 - [START] Applying rule class com.nyble.match.rules.PhoneAndNameRule to consumer 1#7599245
Thread-0id 2020-09-02 14:08:46 DEBUG Matcher:34 - [END] Applying rule class com.nyble.match.rules.EmailRule to consumer 1#6955228
Thread-0id 2020-09-02 14:08:46 DEBUG Matcher:112 - call isConsumerMovingToNewEntity 1#6955228
Thread-0id 2020-09-02 14:08:46 DEBUG Matcher:124 - end call isConsumerMovingToNewEntity 1#6955228
Thread-0id 2020-09-02 14:08:46 DEBUG App:91 - Get consumers entity
Thread-0id 2020-09-02 14:08:46 DEBUG Matcher:29 - [START] Applying rule class com.nyble.match.rules.PhoneAndNameRule to consumer 1#6955228
Thread-2id 2020-09-02 14:08:46 DEBUG Matcher:34 - [END] Applying rule class com.nyble.match.rules.PhoneAndNameRule to consumer 1#7599245
Thread-2id 2020-09-02 14:08:46 DEBUG Matcher:29 - [START] Applying rule class com.nyble.match.rules.EmailRule to consumer 1#7599245
Thread-0id 2020-09-02 14:08:46 DEBUG Matcher:34 - [END] Applying rule class com.nyble.match.rules.PhoneAndNameRule to consumer 1#6955228
Thread-0id 2020-09-02 14:08:46 DEBUG Matcher:29 - [START] Applying rule class com.nyble.match.rules.EmailRule to consumer 1#6955228
Thread-2id 2020-09-02 14:08:46 DEBUG Matcher:34 - [END] Applying rule class com.nyble.match.rules.EmailRule to consumer 1#7599245
Thread-2id 2020-09-02 14:08:46 DEBUG Matcher:112 - call isConsumerMovingToNewEntity 1#7599245
Thread-0id 2020-09-02 14:08:46 DEBUG Matcher:34 - [END] Applying rule class com.nyble.match.rules.EmailRule to consumer 1#6955228
Thread-0id 2020-09-02 14:08:46 DEBUG Matcher:112 - call isConsumerMovingToNewEntity 1#6955228
Thread-2id 2020-09-02 14:08:46 DEBUG Matcher:124 - end call isConsumerMovingToNewEntity 1#7599245
Thread-2id 2020-09-02 14:08:46 DEBUG App:91 - Get consumers entity
Thread-2id 2020-09-02 14:08:46 DEBUG Matcher:29 - [START] Applying rule class com.nyble.match.rules.PhoneAndNameRule to consumer 1#7599245
Thread-0id 2020-09-02 14:08:46 DEBUG Matcher:124 - end call isConsumerMovingToNewEntity 1#6955228
Thread-0id 2020-09-02 14:08:46 DEBUG App:91 - Get consumers entity
Thread-0id 2020-09-02 14:08:46 DEBUG Matcher:29 - [START] Applying rule class com.nyble.match.rules.PhoneAndNameRule to consumer 1#6955228
Thread-2id 2020-09-02 14:08:46 DEBUG Matcher:34 - [END] Applying rule class com.nyble.match.rules.PhoneAndNameRule to consumer 1#7599245
Thread-2id 2020-09-02 14:08:46 DEBUG Matcher:29 - [START] Applying rule class com.nyble.match.rules.EmailRule to consumer 1#7599245
Thread-0id 2020-09-02 14:08:46 DEBUG Matcher:34 - [END] Applying rule class com.nyble.match.rules.PhoneAndNameRule to consumer 1#6955228
Thread-0id 2020-09-02 14:08:46 DEBUG Matcher:29 - [START] Applying rule class com.nyble.match.rules.EmailRule to consumer 1#6955228
Thread-0id 2020-09-02 14:08:47 DEBUG Matcher:34 - [END] Applying rule class com.nyble.match.rules.EmailRule to consumer 1#6955228
Thread-0id 2020-09-02 14:08:47 DEBUG Matcher:112 - call isConsumerMovingToNewEntity 1#6955228
Thread-2id 2020-09-02 14:08:47 DEBUG Matcher:34 - [END] Applying rule class com.nyble.match.rules.EmailRule to consumer 1#7599245
Thread-2id 2020-09-02 14:08:47 DEBUG Matcher:112 - call isConsumerMovingToNewEntity 1#7599245
Thread-2id 2020-09-02 14:08:47 DEBUG Matcher:124 - end call isConsumerMovingToNewEntity 1#7599245
Thread-2id 2020-09-02 14:08:47 DEBUG App:91 - Get consumers entity
Thread-2id 2020-09-02 14:08:47 DEBUG Matcher:29 - [START] Applying rule class com.nyble.match.rules.PhoneAndNameRule to consumer 1#7599245
Thread-0id 2020-09-02 14:08:47 DEBUG Matcher:124 - end call isConsumerMovingToNewEntity 1#6955228
Thread-0id 2020-09-02 14:08:47 DEBUG App:91 - Get consumers entity
Thread-0id 2020-09-02 14:08:47 DEBUG Matcher:29 - [START] Applying rule class com.nyble.match.rules.PhoneAndNameRule to consumer 1#6955254
Thread-2id 2020-09-02 14:08:47 DEBUG Matcher:34 - [END] Applying rule class com.nyble.match.rules.PhoneAndNameRule to consumer 1#7599245
Thread-2id 2020-09-02 14:08:47 DEBUG Matcher:29 - [START] Applying rule class com.nyble.match.rules.EmailRule to consumer 1#7599245
Thread-0id 2020-09-02 14:08:47 DEBUG Matcher:34 - [END] Applying rule class com.nyble.match.rules.PhoneAndNameRule to consumer 1#6955254
Thread-0id 2020-09-02 14:08:47 DEBUG Matcher:29 - [START] Applying rule class com.nyble.match.rules.EmailRule to consumer 1#6955254
Thread-0id 2020-09-02 14:08:47 DEBUG Matcher:34 - [END] Applying rule class com.nyble.match.rules.EmailRule to consumer 1#6955254
Thread-0id 2020-09-02 14:08:47 DEBUG Matcher:112 - call isConsumerMovingToNewEntity 1#6955254
Thread-2id 2020-09-02 14:08:47 DEBUG Matcher:34 - [END] Applying rule class com.nyble.match.rules.EmailRule to consumer 1#7599245
Thread-2id 2020-09-02 14:08:47 DEBUG Matcher:112 - call isConsumerMovingToNewEntity 1#7599245
Thread-2id 2020-09-02 14:08:48 DEBUG Matcher:124 - end call isConsumerMovingToNewEntity 1#7599245
Thread-2id 2020-09-02 14:08:48 DEBUG App:91 - Get consumers entity
Thread-2id 2020-09-02 14:08:48 DEBUG Matcher:29 - [START] Applying rule class com.nyble.match.rules.PhoneAndNameRule to consumer 1#7599245
Thread-0id 2020-09-02 14:08:48 DEBUG Matcher:124 - end call isConsumerMovingToNewEntity 1#6955254
Thread-0id 2020-09-02 14:08:48 DEBUG App:91 - Get consumers entity
Thread-0id 2020-09-02 14:08:48 DEBUG Matcher:29 - [START] Applying rule class com.nyble.match.rules.PhoneAndNameRule to consumer 1#6955254
Thread-2id 2020-09-02 14:08:48 DEBUG Matcher:34 - [END] Applying rule class com.nyble.match.rules.PhoneAndNameRule to consumer 1#7599245
Thread-2id 2020-09-02 14:08:48 DEBUG Matcher:29 - [START] Applying rule class com.nyble.match.rules.EmailRule to consumer 1#7599245
Thread-0id 2020-09-02 14:08:48 DEBUG Matcher:34 - [END] Applying rule class com.nyble.match.rules.PhoneAndNameRule to consumer 1#6955254
Thread-0id 2020-09-02 14:08:48 DEBUG Matcher:29 - [START] Applying rule class com.nyble.match.rules.EmailRule to consumer 1#6955254
Thread-0id 2020-09-02 14:08:48 DEBUG Matcher:34 - [END] Applying rule class com.nyble.match.rules.EmailRule to consumer 1#6955254
Thread-2id 2020-09-02 14:08:48 DEBUG Matcher:34 - [END] Applying rule class com.nyble.match.rules.EmailRule to consumer 1#7599245
Thread-2id 2020-09-02 14:08:48 DEBUG Matcher:112 - call isConsumerMovingToNewEntity 1#7599245
Thread-0id 2020-09-02 14:08:48 DEBUG Matcher:112 - call isConsumerMovingToNewEntity 1#6955254
Thread-2id 2020-09-02 14:08:48 DEBUG Matcher:124 - end call isConsumerMovingToNewEntity 1#7599245
Thread-2id 2020-09-02 14:08:48 DEBUG App:91 - Get consumers entity
Thread-2id 2020-09-02 14:08:48 DEBUG Matcher:29 - [START] Applying rule class com.nyble.match.rules.PhoneAndNameRule to consumer 1#7599269
Thread-0id 2020-09-02 14:08:48 DEBUG Matcher:124 - end call isConsumerMovingToNewEntity 1#6955254
Thread-0id 2020-09-02 14:08:48 DEBUG App:91 - Get consumers entity
Thread-0id 2020-09-02 14:08:48 DEBUG Matcher:29 - [START] Applying rule class com.nyble.match.rules.PhoneAndNameRule to consumer 1#6955254
Thread-2id 2020-09-02 14:08:48 DEBUG Matcher:34 - [END] Applying rule class com.nyble.match.rules.PhoneAndNameRule to consumer 1#7599269
Thread-2id 2020-09-02 14:08:48 DEBUG Matcher:29 - [START] Applying rule class com.nyble.match.rules.EmailRule to consumer 1#7599269
Thread-0id 2020-09-02 14:08:48 DEBUG Matcher:34 - [END] Applying rule class com.nyble.match.rules.PhoneAndNameRule to consumer 1#6955254
Thread-0id 2020-09-02 14:08:48 DEBUG Matcher:29 - [START] Applying rule class com.nyble.match.rules.EmailRule to consumer 1#6955254
Thread-0id 2020-09-02 14:08:49 DEBUG Matcher:34 - [END] Applying rule class com.nyble.match.rules.EmailRule to consumer 1#6955254
Thread-0id 2020-09-02 14:08:49 DEBUG Matcher:112 - call isConsumerMovingToNewEntity 1#6955254
Thread-0id 2020-09-02 14:08:49 DEBUG Matcher:124 - end call isConsumerMovingToNewEntity 1#6955254
Thread-0id 2020-09-02 14:08:49 DEBUG App:91 - Get consumers entity
Thread-0id 2020-09-02 14:08:49 DEBUG Matcher:29 - [START] Applying rule class com.nyble.match.rules.PhoneAndNameRule to consumer 1#6955254
Thread-0id 2020-09-02 14:08:49 DEBUG Matcher:34 - [END] Applying rule class com.nyble.match.rules.PhoneAndNameRule to consumer 1#6955254
Thread-0id 2020-09-02 14:08:49 DEBUG Matcher:29 - [START] Applying rule class com.nyble.match.rules.EmailRule to consumer 1#6955254
Thread-0id 2020-09-02 14:08:49 DEBUG Matcher:34 - [END] Applying rule class com.nyble.match.rules.EmailRule to consumer 1#6955254
Thread-0id 2020-09-02 14:08:49 DEBUG Matcher:112 - call isConsumerMovingToNewEntity 1#6955254
Thread-0id 2020-09-02 14:08:49 DEBUG Matcher:124 - end call isConsumerMovingToNewEntity 1#6955254
Thread-0id 2020-09-02 14:08:49 DEBUG App:91 - Get consumers entity
Thread-0id 2020-09-02 14:08:49 DEBUG Matcher:29 - [START] Applying rule class com.nyble.match.rules.PhoneAndNameRule to consumer 1#6955279
Thread-0id 2020-09-02 14:08:49 DEBUG Matcher:34 - [END] Applying rule class com.nyble.match.rules.PhoneAndNameRule to consumer 1#6955279
Thread-0id 2020-09-02 14:08:49 DEBUG Matcher:29 - [START] Applying rule class com.nyble.match.rules.EmailRule to consumer 1#6955279
Thread-0id 2020-09-02 14:08:50 DEBUG Matcher:34 - [END] Applying rule class com.nyble.match.rules.EmailRule to consumer 1#6955279
Thread-0id 2020-09-02 14:08:50 DEBUG Matcher:112 - call isConsumerMovingToNewEntity 1#6955279
Thread-0id 2020-09-02 14:08:50 DEBUG Matcher:124 - end call isConsumerMovingToNewEntity 1#6955279
Thread-0id 2020-09-02 14:08:50 DEBUG App:91 - Get consumers entity
Thread-0id 2020-09-02 14:08:50 DEBUG Matcher:29 - [START] Applying rule class com.nyble.match.rules.PhoneAndNameRule to consumer 1#6955279
Thread-0id 2020-09-02 14:08:50 DEBUG Matcher:34 - [END] Applying rule class com.nyble.match.rules.PhoneAndNameRule to consumer 1#6955279
Thread-0id 2020-09-02 14:08:50 DEBUG Matcher:29 - [START] Applying rule class com.nyble.match.rules.EmailRule to consumer 1#6955279
Thread-0id 2020-09-02 14:08:50 DEBUG Matcher:34 - [END] Applying rule class com.nyble.match.rules.EmailRule to consumer 1#6955279
Thread-0id 2020-09-02 14:08:50 DEBUG Matcher:112 - call isConsumerMovingToNewEntity 1#6955279
Thread-0id 2020-09-02 14:08:50 DEBUG Matcher:124 - end call isConsumerMovingToNewEntity 1#6955279
Thread-0id 2020-09-02 14:08:50 DEBUG App:91 - Get consumers entity
Thread-0id 2020-09-02 14:08:50 DEBUG Matcher:29 - [START] Applying rule class com.nyble.match.rules.PhoneAndNameRule to consumer 1#6955279
Thread-0id 2020-09-02 14:08:51 DEBUG Matcher:34 - [END] Applying rule class com.nyble.match.rules.PhoneAndNameRule to consumer 1#6955279
Thread-0id 2020-09-02 14:08:51 DEBUG Matcher:29 - [START] Applying rule class com.nyble.match.rules.EmailRule to consumer 1#6955279
Thread-0id 2020-09-02 14:08:51 DEBUG Matcher:34 - [END] Applying rule class com.nyble.match.rules.EmailRule to consumer 1#6955279
Thread-0id 2020-09-02 14:08:51 DEBUG Matcher:112 - call isConsumerMovingToNewEntity 1#6955279
Thread-0id 2020-09-02 14:08:51 DEBUG Matcher:124 - end call isConsumerMovingToNewEntity 1#6955279
Thread-0id 2020-09-02 14:08:51 DEBUG App:91 - Get consumers entity
Thread-0id 2020-09-02 14:08:51 DEBUG Matcher:29 - [START] Applying rule class com.nyble.match.rules.PhoneAndNameRule to consumer 1#6955279
Thread-0id 2020-09-02 14:08:51 DEBUG Matcher:34 - [END] Applying rule class com.nyble.match.rules.PhoneAndNameRule to consumer 1#6955279
Thread-0id 2020-09-02 14:08:51 DEBUG Matcher:29 - [START] Applying rule class com.nyble.match.rules.EmailRule to consumer 1#6955279
Thread-0id 2020-09-02 14:08:51 DEBUG Matcher:34 - [END] Applying rule class com.nyble.match.rules.EmailRule to consumer 1#6955279
Thread-0id 2020-09-02 14:08:51 DEBUG Matcher:112 - call isConsumerMovingToNewEntity 1#6955279
Thread-0id 2020-09-02 14:08:52 DEBUG Matcher:124 - end call isConsumerMovingToNewEntity 1#6955279
Thread-0id 2020-09-02 14:08:52 DEBUG App:91 - Get consumers entity
Thread-0id 2020-09-02 14:08:52 DEBUG Matcher:29 - [START] Applying rule class com.nyble.match.rules.PhoneAndNameRule to consumer 1#6955303
Thread-0id 2020-09-02 14:08:52 DEBUG Matcher:34 - [END] Applying rule class com.nyble.match.rules.PhoneAndNameRule to consumer 1#6955303
Thread-0id 2020-09-02 14:08:52 DEBUG Matcher:29 - [START] Applying rule class com.nyble.match.rules.EmailRule to consumer 1#6955303
Thread-0id 2020-09-02 14:08:52 DEBUG Matcher:34 - [END] Applying rule class com.nyble.match.rules.EmailRule to consumer 1#6955303
Thread-0id 2020-09-02 14:08:52 DEBUG Matcher:112 - call isConsumerMovingToNewEntity 1#6955303
Thread-0id 2020-09-02 14:08:52 DEBUG Matcher:124 - end call isConsumerMovingToNewEntity 1#6955303
Thread-0id 2020-09-02 14:08:52 DEBUG App:91 - Get consumers entity
Thread-0id 2020-09-02 14:08:52 DEBUG Matcher:29 - [START] Applying rule class com.nyble.match.rules.PhoneAndNameRule to consumer 1#6955303
Thread-0id 2020-09-02 14:08:52 DEBUG Matcher:34 - [END] Applying rule class com.nyble.match.rules.PhoneAndNameRule to consumer 1#6955303
Thread-0id 2020-09-02 14:08:52 DEBUG Matcher:29 - [START] Applying rule class com.nyble.match.rules.EmailRule to consumer 1#6955303
Thread-0id 2020-09-02 14:08:53 DEBUG Matcher:34 - [END] Applying rule class com.nyble.match.rules.EmailRule to consumer 1#6955303
Thread-0id 2020-09-02 14:08:53 DEBUG Matcher:112 - call isConsumerMovingToNewEntity 1#6955303
Thread-0id 2020-09-02 14:08:53 DEBUG Matcher:124 - end call isConsumerMovingToNewEntity 1#6955303
Thread-0id 2020-09-02 14:08:53 DEBUG App:91 - Get consumers entity
Thread-0id 2020-09-02 14:08:53 DEBUG Matcher:29 - [START] Applying rule class com.nyble.match.rules.PhoneAndNameRule to consumer 1#6955303
Thread-0id 2020-09-02 14:08:53 DEBUG Matcher:34 - [END] Applying rule class com.nyble.match.rules.PhoneAndNameRule to consumer 1#6955303
Thread-0id 2020-09-02 14:08:53 DEBUG Matcher:29 - [START] Applying rule class com.nyble.match.rules.EmailRule to consumer 1#6955303
Thread-0id 2020-09-02 14:08:53 DEBUG Matcher:34 - [END] Applying rule class com.nyble.match.rules.EmailRule to consumer 1#6955303
Thread-0id 2020-09-02 14:08:53 DEBUG Matcher:112 - call isConsumerMovingToNewEntity 1#6955303
Thread-0id 2020-09-02 14:08:53 DEBUG Matcher:124 - end call isConsumerMovingToNewEntity 1#6955303
Thread-0id 2020-09-02 14:08:53 DEBUG App:91 - Get consumers entity
Thread-0id 2020-09-02 14:08:53 DEBUG Matcher:29 - [START] Applying rule class com.nyble.match.rules.PhoneAndNameRule to consumer 1#6955303
Thread-0id 2020-09-02 14:08:53 DEBUG Matcher:34 - [END] Applying rule class com.nyble.match.rules.PhoneAndNameRule to consumer 1#6955303
Thread-0id 2020-09-02 14:08:53 DEBUG Matcher:29 - [START] Applying rule class com.nyble.match.rules.EmailRule to consumer 1#6955303
Thread-0id 2020-09-02 14:08:54 DEBUG Matcher:34 - [END] Applying rule class com.nyble.match.rules.EmailRule to consumer 1#6955303
Thread-0id 2020-09-02 14:08:54 DEBUG Matcher:112 - call isConsumerMovingToNewEntity 1#6955303
Thread-0id 2020-09-02 14:08:54 DEBUG Matcher:124 - end call isConsumerMovingToNewEntity 1#6955303
Thread-0id 2020-09-02 14:08:54 DEBUG App:91 - Get consumers entity
Thread-0id 2020-09-02 14:08:54 DEBUG Matcher:29 - [START] Applying rule class com.nyble.match.rules.PhoneAndNameRule to consumer 1#6955336
Thread-0id 2020-09-02 14:08:54 DEBUG Matcher:34 - [END] Applying rule class com.nyble.match.rules.PhoneAndNameRule to consumer 1#6955336
Thread-0id 2020-09-02 14:08:54 DEBUG Matcher:29 - [START] Applying rule class com.nyble.match.rules.EmailRule to consumer 1#6955336
Thread-0id 2020-09-02 14:08:54 DEBUG Matcher:34 - [END] Applying rule class com.nyble.match.rules.EmailRule to consumer 1#6955336
Thread-0id 2020-09-02 14:08:54 DEBUG Matcher:112 - call isConsumerMovingToNewEntity 1#6955336
Thread-0id 2020-09-02 14:08:54 DEBUG Matcher:124 - end call isConsumerMovingToNewEntity 1#6955336
Thread-0id 2020-09-02 14:08:54 DEBUG App:91 - Get consumers entity
Thread-0id 2020-09-02 14:08:54 DEBUG Matcher:29 - [START] Applying rule class com.nyble.match.rules.PhoneAndNameRule to consumer 1#6955336
Thread-0id 2020-09-02 14:08:55 DEBUG Matcher:34 - [END] Applying rule class com.nyble.match.rules.PhoneAndNameRule to consumer 1#6955336
Thread-0id 2020-09-02 14:08:55 DEBUG Matcher:29 - [START] Applying rule class com.nyble.match.rules.EmailRule to consumer 1#6955336
Thread-0id 2020-09-02 14:08:55 DEBUG Matcher:34 - [END] Applying rule class com.nyble.match.rules.EmailRule to consumer 1#6955336
Thread-0id 2020-09-02 14:08:55 DEBUG Matcher:112 - call isConsumerMovingToNewEntity 1#6955336
Thread-0id 2020-09-02 14:08:55 DEBUG Matcher:124 - end call isConsumerMovingToNewEntity 1#6955336
Thread-0id 2020-09-02 14:08:55 DEBUG App:91 - Get consumers entity
Thread-0id 2020-09-02 14:08:55 DEBUG Matcher:29 - [START] Applying rule class com.nyble.match.rules.PhoneAndNameRule to consumer 1#6955336
Thread-0id 2020-09-02 14:08:55 DEBUG Matcher:34 - [END] Applying rule class com.nyble.match.rules.PhoneAndNameRule to consumer 1#6955336
Thread-0id 2020-09-02 14:08:55 DEBUG Matcher:29 - [START] Applying rule class com.nyble.match.rules.EmailRule to consumer 1#6955336
Thread-0id 2020-09-02 14:08:55 DEBUG Matcher:34 - [END] Applying rule class com.nyble.match.rules.EmailRule to consumer 1#6955336
Thread-0id 2020-09-02 14:08:55 DEBUG Matcher:112 - call isConsumerMovingToNewEntity 1#6955336
Thread-0id 2020-09-02 14:08:56 DEBUG Matcher:124 - end call isConsumerMovingToNewEntity 1#6955336
Thread-0id 2020-09-02 14:08:56 DEBUG App:91 - Get consumers entity
Thread-0id 2020-09-02 14:08:56 DEBUG Matcher:29 - [START] Applying rule class com.nyble.match.rules.PhoneAndNameRule to consumer 1#6955336
Thread-0id 2020-09-02 14:08:56 DEBUG Matcher:34 - [END] Applying rule class com.nyble.match.rules.PhoneAndNameRule to consumer 1#6955336
Thread-0id 2020-09-02 14:08:56 DEBUG Matcher:29 - [START] Applying rule class com.nyble.match.rules.EmailRule to consumer 1#6955336
Thread-0id 2020-09-02 14:08:56 DEBUG Matcher:34 - [END] Applying rule class com.nyble.match.rules.EmailRule to consumer 1#6955336
Thread-0id 2020-09-02 14:08:56 DEBUG Matcher:112 - call isConsumerMovingToNewEntity 1#6955336
Thread-0id 2020-09-02 14:08:56 DEBUG Matcher:124 - end call isConsumerMovingToNewEntity 1#6955336
Thread-0id 2020-09-02 14:08:56 DEBUG App:91 - Get consumers entity
Thread-0id 2020-09-02 14:08:56 DEBUG Matcher:29 - [START] Applying rule class com.nyble.match.rules.PhoneAndNameRule to consumer 1#6955335
Thread-0id 2020-09-02 14:08:56 DEBUG Matcher:34 - [END] Applying rule class com.nyble.match.rules.PhoneAndNameRule to consumer 1#6955335
Thread-0id 2020-09-02 14:08:56 DEBUG Matcher:29 - [START] Applying rule class com.nyble.match.rules.EmailRule to consumer 1#6955335
Thread-0id 2020-09-02 14:08:57 DEBUG Matcher:34 - [END] Applying rule class com.nyble.match.rules.EmailRule to consumer 1#6955335
Thread-0id 2020-09-02 14:08:57 DEBUG Matcher:112 - call isConsumerMovingToNewEntity 1#6955335
Thread-0id 2020-09-02 14:08:57 DEBUG Matcher:124 - end call isConsumerMovingToNewEntity 1#6955335
Thread-0id 2020-09-02 14:08:57 DEBUG App:91 - Get consumers entity
Thread-0id 2020-09-02 14:08:57 DEBUG Matcher:29 - [START] Applying rule class com.nyble.match.rules.PhoneAndNameRule to consumer 1#6955335
Thread-0id 2020-09-02 14:08:57 DEBUG Matcher:34 - [END] Applying rule class com.nyble.match.rules.PhoneAndNameRule to consumer 1#6955335
Thread-0id 2020-09-02 14:08:57 DEBUG Matcher:29 - [START] Applying rule class com.nyble.match.rules.EmailRule to consumer 1#6955335
Thread-0id 2020-09-02 14:08:57 DEBUG Matcher:34 - [END] Applying rule class com.nyble.match.rules.EmailRule to consumer 1#6955335
Thread-0id 2020-09-02 14:08:57 DEBUG Matcher:112 - call isConsumerMovingToNewEntity 1#6955335
Thread-0id 2020-09-02 14:08:57 DEBUG Matcher:124 - end call isConsumerMovingToNewEntity 1#6955335
Thread-0id 2020-09-02 14:08:57 DEBUG App:91 - Get consumers entity
Thread-0id 2020-09-02 14:08:57 DEBUG Matcher:29 - [START] Applying rule class com.nyble.match.rules.PhoneAndNameRule to consumer 1#6955335
Thread-0id 2020-09-02 14:08:58 DEBUG Matcher:34 - [END] Applying rule class com.nyble.match.rules.PhoneAndNameRule to consumer 1#6955335
Thread-0id 2020-09-02 14:08:58 DEBUG Matcher:29 - [START] Applying rule class com.nyble.match.rules.EmailRule to consumer 1#6955335
Thread-0id 2020-09-02 14:08:58 DEBUG Matcher:34 - [END] Applying rule class com.nyble.match.rules.EmailRule to consumer 1#6955335
Thread-0id 2020-09-02 14:08:58 DEBUG Matcher:112 - call isConsumerMovingToNewEntity 1#6955335
Thread-0id 2020-09-02 14:08:58 DEBUG Matcher:124 - end call isConsumerMovingToNewEntity 1#6955335
Thread-0id 2020-09-02 14:08:58 DEBUG App:91 - Get consumers entity
Thread-0id 2020-09-02 14:08:58 DEBUG Matcher:29 - [START] Applying rule class com.nyble.match.rules.PhoneAndNameRule to consumer 1#6955335
Thread-0id 2020-09-02 14:08:58 DEBUG Matcher:34 - [END] Applying rule class com.nyble.match.rules.PhoneAndNameRule to consumer 1#6955335
Thread-0id 2020-09-02 14:08:58 DEBUG Matcher:29 - [START] Applying rule class com.nyble.match.rules.EmailRule to consumer 1#6955335
Thread-0id 2020-09-02 14:08:59 DEBUG Matcher:34 - [END] Applying rule class com.nyble.match.rules.EmailRule to consumer 1#6955335
Thread-0id 2020-09-02 14:08:59 DEBUG Matcher:112 - call isConsumerMovingToNewEntity 1#6955335
Thread-0id 2020-09-02 14:08:59 DEBUG Matcher:124 - end call isConsumerMovingToNewEntity 1#6955335
Thread-0id 2020-09-02 14:08:59 DEBUG App:91 - Get consumers entity
Thread-0id 2020-09-02 14:08:59 DEBUG Matcher:29 - [START] Applying rule class com.nyble.match.rules.PhoneAndNameRule to consumer 1#6955389
Thread-0id 2020-09-02 14:08:59 DEBUG Matcher:34 - [END] Applying rule class com.nyble.match.rules.PhoneAndNameRule to consumer 1#6955389
Thread-0id 2020-09-02 14:08:59 DEBUG Matcher:29 - [START] Applying rule class com.nyble.match.rules.EmailRule to consumer 1#6955389
Thread-0id 2020-09-02 14:08:59 DEBUG Matcher:34 - [END] Applying rule class com.nyble.match.rules.EmailRule to consumer 1#6955389
Thread-0id 2020-09-02 14:08:59 DEBUG Matcher:112 - call isConsumerMovingToNewEntity 1#6955389
Thread-0id 2020-09-02 14:08:59 DEBUG Matcher:124 - end call isConsumerMovingToNewEntity 1#6955389
Thread-0id 2020-09-02 14:08:59 DEBUG App:91 - Get consumers entity
Thread-0id 2020-09-02 14:08:59 DEBUG Matcher:29 - [START] Applying rule class com.nyble.match.rules.PhoneAndNameRule to consumer 1#6955389
Thread-0id 2020-09-02 14:08:59 DEBUG Matcher:34 - [END] Applying rule class com.nyble.match.rules.PhoneAndNameRule to consumer 1#6955389
Thread-0id 2020-09-02 14:08:59 DEBUG Matcher:29 - [START] Applying rule class com.nyble.match.rules.EmailRule to consumer 1#6955389
Thread-0id 2020-09-02 14:09:00 DEBUG Matcher:34 - [END] Applying rule class com.nyble.match.rules.EmailRule to consumer 1#6955389
Thread-0id 2020-09-02 14:09:00 DEBUG Matcher:112 - call isConsumerMovingToNewEntity 1#6955389
Thread-0id 2020-09-02 14:09:00 DEBUG Matcher:124 - end call isConsumerMovingToNewEntity 1#6955389
Thread-0id 2020-09-02 14:09:00 DEBUG App:91 - Get consumers entity
Thread-0id 2020-09-02 14:09:00 DEBUG Matcher:29 - [START] Applying rule class com.nyble.match.rules.PhoneAndNameRule to consumer 1#6955389
Thread-0id 2020-09-02 14:09:00 DEBUG Matcher:34 - [END] Applying rule class com.nyble.match.rules.PhoneAndNameRule to consumer 1#6955389
Thread-0id 2020-09-02 14:09:00 DEBUG Matcher:29 - [START] Applying rule class com.nyble.match.rules.EmailRule to consumer 1#6955389
Thread-0id 2020-09-02 14:09:00 DEBUG Matcher:34 - [END] Applying rule class com.nyble.match.rules.EmailRule to consumer 1#6955389
Thread-0id 2020-09-02 14:09:00 DEBUG Matcher:112 - call isConsumerMovingToNewEntity 1#6955389
Thread-0id 2020-09-02 14:09:00 DEBUG Matcher:124 - end call isConsumerMovingToNewEntity 1#6955389
Thread-0id 2020-09-02 14:09:00 DEBUG App:91 - Get consumers entity
Thread-0id 2020-09-02 14:09:00 DEBUG Matcher:29 - [START] Applying rule class com.nyble.match.rules.PhoneAndNameRule to consumer 1#6955389
Thread-0id 2020-09-02 14:09:01 DEBUG Matcher:34 - [END] Applying rule class com.nyble.match.rules.PhoneAndNameRule to consumer 1#6955389
Thread-0id 2020-09-02 14:09:01 DEBUG Matcher:29 - [START] Applying rule class com.nyble.match.rules.EmailRule to consumer 1#6955389
Thread-0id 2020-09-02 14:09:01 DEBUG Matcher:34 - [END] Applying rule class com.nyble.match.rules.EmailRule to consumer 1#6955389
Thread-0id 2020-09-02 14:09:01 DEBUG Matcher:112 - call isConsumerMovingToNewEntity 1#6955389
Thread-0id 2020-09-02 14:09:01 DEBUG Matcher:124 - end call isConsumerMovingToNewEntity 1#6955389
Thread-0id 2020-09-02 14:09:01 DEBUG App:91 - Get consumers entity
Thread-0id 2020-09-02 14:09:01 DEBUG Matcher:29 - [START] Applying rule class com.nyble.match.rules.PhoneAndNameRule to consumer 1#6955401
Thread-0id 2020-09-02 14:09:01 DEBUG Matcher:34 - [END] Applying rule class com.nyble.match.rules.PhoneAndNameRule to consumer 1#6955401
Thread-0id 2020-09-02 14:09:01 DEBUG Matcher:29 - [START] Applying rule class com.nyble.match.rules.EmailRule to consumer 1#6955401
Thread-0id 2020-09-02 14:09:01 DEBUG Matcher:34 - [END] Applying rule class com.nyble.match.rules.EmailRule to consumer 1#6955401
Thread-0id 2020-09-02 14:09:01 DEBUG Matcher:112 - call isConsumerMovingToNewEntity 1#6955401
Thread-0id 2020-09-02 14:09:02 DEBUG Matcher:124 - end call isConsumerMovingToNewEntity 1#6955401
Thread-0id 2020-09-02 14:09:02 DEBUG App:91 - Get consumers entity
Thread-0id 2020-09-02 14:09:02 DEBUG Matcher:29 - [START] Applying rule class com.nyble.match.rules.PhoneAndNameRule to consumer 1#6955401
Thread-0id 2020-09-02 14:09:02 DEBUG Matcher:34 - [END] Applying rule class com.nyble.match.rules.PhoneAndNameRule to consumer 1#6955401
Thread-0id 2020-09-02 14:09:02 DEBUG Matcher:29 - [START] Applying rule class com.nyble.match.rules.EmailRule to consumer 1#6955401
Thread-0id 2020-09-02 14:09:02 DEBUG Matcher:34 - [END] Applying rule class com.nyble.match.rules.EmailRule to consumer 1#6955401
Thread-0id 2020-09-02 14:09:02 DEBUG Matcher:112 - call isConsumerMovingToNewEntity 1#6955401
Thread-0id 2020-09-02 14:09:02 DEBUG Matcher:124 - end call isConsumerMovingToNewEntity 1#6955401
Thread-0id 2020-09-02 14:09:02 DEBUG App:91 - Get consumers entity
Thread-0id 2020-09-02 14:09:02 DEBUG Matcher:29 - [START] Applying rule class com.nyble.match.rules.PhoneAndNameRule to consumer 1#6955401
Thread-0id 2020-09-02 14:09:02 DEBUG Matcher:34 - [END] Applying rule class com.nyble.match.rules.PhoneAndNameRule to consumer 1#6955401
Thread-0id 2020-09-02 14:09:02 DEBUG Matcher:29 - [START] Applying rule class com.nyble.match.rules.EmailRule to consumer 1#6955401
Thread-0id 2020-09-02 14:09:03 DEBUG Matcher:34 - [END] Applying rule class com.nyble.match.rules.EmailRule to consumer 1#6955401
Thread-0id 2020-09-02 14:09:03 DEBUG Matcher:112 - call isConsumerMovingToNewEntity 1#6955401
Thread-0id 2020-09-02 14:09:03 DEBUG Matcher:124 - end call isConsumerMovingToNewEntity 1#6955401
Thread-0id 2020-09-02 14:09:03 DEBUG App:91 - Get consumers entity
Thread-0id 2020-09-02 14:09:03 DEBUG Matcher:29 - [START] Applying rule class com.nyble.match.rules.PhoneAndNameRule to consumer 1#6955401
Thread-0id 2020-09-02 14:09:03 DEBUG Matcher:34 - [END] Applying rule class com.nyble.match.rules.PhoneAndNameRule to consumer 1#6955401
Thread-0id 2020-09-02 14:09:03 DEBUG Matcher:29 - [START] Applying rule class com.nyble.match.rules.EmailRule to consumer 1#6955401
Thread-0id 2020-09-02 14:09:03 DEBUG Matcher:34 - [END] Applying rule class com.nyble.match.rules.EmailRule to consumer 1#6955401
Thread-0id 2020-09-02 14:09:03 DEBUG Matcher:112 - call isConsumerMovingToNewEntity 1#6955401
Thread-0id 2020-09-02 14:09:03 DEBUG Matcher:124 - end call isConsumerMovingToNewEntity 1#6955401
Thread-0id 2020-09-02 14:09:03 DEBUG App:91 - Get consumers entity
Thread-0id 2020-09-02 14:09:03 DEBUG Matcher:29 - [START] Applying rule class com.nyble.match.rules.PhoneAndNameRule to consumer 1#6955413
Thread-0id 2020-09-02 14:09:04 DEBUG Matcher:34 - [END] Applying rule class com.nyble.match.rules.PhoneAndNameRule to consumer 1#6955413
Thread-0id 2020-09-02 14:09:04 DEBUG Matcher:29 - [START] Applying rule class com.nyble.match.rules.EmailRule to consumer 1#6955413
Thread-0id 2020-09-02 14:09:04 DEBUG Matcher:34 - [END] Applying rule class com.nyble.match.rules.EmailRule to consumer 1#6955413
Thread-0id 2020-09-02 14:09:04 DEBUG Matcher:112 - call isConsumerMovingToNewEntity 1#6955413
Thread-0id 2020-09-02 14:09:04 DEBUG Matcher:124 - end call isConsumerMovingToNewEntity 1#6955413
Thread-0id 2020-09-02 14:09:04 DEBUG App:91 - Get consumers entity
Thread-0id 2020-09-02 14:09:04 DEBUG Matcher:29 - [START] Applying rule class com.nyble.match.rules.PhoneAndNameRule to consumer 1#6955413
Thread-0id 2020-09-02 14:09:04 DEBUG Matcher:34 - [END] Applying rule class com.nyble.match.rules.PhoneAndNameRule to consumer 1#6955413
Thread-0id 2020-09-02 14:09:04 DEBUG Matcher:29 - [START] Applying rule class com.nyble.match.rules.EmailRule to consumer 1#6955413
Thread-0id 2020-09-02 14:09:05 DEBUG Matcher:34 - [END] Applying rule class com.nyble.match.rules.EmailRule to consumer 1#6955413
Thread-0id 2020-09-02 14:09:05 DEBUG Matcher:112 - call isConsumerMovingToNewEntity 1#6955413
Thread-0id 2020-09-02 14:09:05 DEBUG Matcher:124 - end call isConsumerMovingToNewEntity 1#6955413
Thread-0id 2020-09-02 14:09:05 DEBUG App:91 - Get consumers entity
Thread-0id 2020-09-02 14:09:05 DEBUG Matcher:29 - [START] Applying rule class com.nyble.match.rules.PhoneAndNameRule to consumer 1#6955413
Thread-0id 2020-09-02 14:09:05 DEBUG Matcher:34 - [END] Applying rule class com.nyble.match.rules.PhoneAndNameRule to consumer 1#6955413
Thread-0id 2020-09-02 14:09:05 DEBUG Matcher:29 - [START] Applying rule class com.nyble.match.rules.EmailRule to consumer 1#6955413
Thread-0id 2020-09-02 14:09:06 DEBUG Matcher:34 - [END] Applying rule class com.nyble.match.rules.EmailRule to consumer 1#6955413
Thread-0id 2020-09-02 14:09:06 DEBUG Matcher:112 - call isConsumerMovingToNewEntity 1#6955413
Thread-0id 2020-09-02 14:09:06 DEBUG Matcher:124 - end call isConsumerMovingToNewEntity 1#6955413
Thread-0id 2020-09-02 14:09:06 DEBUG App:91 - Get consumers entity
Thread-0id 2020-09-02 14:09:06 DEBUG Matcher:29 - [START] Applying rule class com.nyble.match.rules.PhoneAndNameRule to consumer 1#6955413
Thread-0id 2020-09-02 14:09:06 DEBUG Matcher:34 - [END] Applying rule class com.nyble.match.rules.PhoneAndNameRule to consumer 1#6955413
Thread-0id 2020-09-02 14:09:06 DEBUG Matcher:29 - [START] Applying rule class com.nyble.match.rules.EmailRule to consumer 1#6955413
Thread-0id 2020-09-02 14:09:06 DEBUG Matcher:34 - [END] Applying rule class com.nyble.match.rules.EmailRule to consumer 1#6955413
Thread-0id 2020-09-02 14:09:06 DEBUG Matcher:112 - call isConsumerMovingToNewEntity 1#6955413
Thread-0id 2020-09-02 14:09:06 DEBUG Matcher:124 - end call isConsumerMovingToNewEntity 1#6955413
Thread-0id 2020-09-02 14:09:06 DEBUG App:91 - Get consumers entity
Thread-0id 2020-09-02 14:09:06 DEBUG Matcher:29 - [START] Applying rule class com.nyble.match.rules.PhoneAndNameRule to consumer 1#6955429
Thread-0id 2020-09-02 14:09:06 DEBUG Matcher:34 - [END] Applying rule class com.nyble.match.rules.PhoneAndNameRule to consumer 1#6955429
Thread-0id 2020-09-02 14:09:06 DEBUG Matcher:29 - [START] Applying rule class com.nyble.match.rules.EmailRule to consumer 1#6955429
Thread-0id 2020-09-02 14:09:07 DEBUG Matcher:34 - [END] Applying rule class com.nyble.match.rules.EmailRule to consumer 1#6955429
Thread-0id 2020-09-02 14:09:07 DEBUG Matcher:112 - call isConsumerMovingToNewEntity 1#6955429
Thread-0id 2020-09-02 14:09:07 DEBUG Matcher:124 - end call isConsumerMovingToNewEntity 1#6955429
Thread-0id 2020-09-02 14:09:07 DEBUG App:91 - Get consumers entity
Thread-0id 2020-09-02 14:09:07 DEBUG Matcher:29 - [START] Applying rule class com.nyble.match.rules.PhoneAndNameRule to consumer 1#6955429
Thread-0id 2020-09-02 14:09:07 DEBUG Matcher:34 - [END] Applying rule class com.nyble.match.rules.PhoneAndNameRule to consumer 1#6955429
Thread-0id 2020-09-02 14:09:07 DEBUG Matcher:29 - [START] Applying rule class com.nyble.match.rules.EmailRule to consumer 1#6955429
Thread-0id 2020-09-02 14:09:07 DEBUG Matcher:34 - [END] Applying rule class com.nyble.match.rules.EmailRule to consumer 1#6955429
Thread-0id 2020-09-02 14:09:07 DEBUG Matcher:112 - call isConsumerMovingToNewEntity 1#6955429
Thread-0id 2020-09-02 14:09:08 DEBUG Matcher:124 - end call isConsumerMovingToNewEntity 1#6955429
Thread-0id 2020-09-02 14:09:08 DEBUG App:91 - Get consumers entity
Thread-0id 2020-09-02 14:09:08 DEBUG Matcher:29 - [START] Applying rule class com.nyble.match.rules.PhoneAndNameRule to consumer 1#6955429
Thread-0id 2020-09-02 14:09:08 DEBUG Matcher:34 - [END] Applying rule class com.nyble.match.rules.PhoneAndNameRule to consumer 1#6955429
Thread-0id 2020-09-02 14:09:08 DEBUG Matcher:29 - [START] Applying rule class com.nyble.match.rules.EmailRule to consumer 1#6955429
Thread-0id 2020-09-02 14:16:16 DEBUG App:72 - Found 500 new records on partition consumers#0
Thread-0id 2020-09-02 14:16:17 DEBUG App:91 - Get consumers entity
Thread-0id 2020-09-02 14:16:18 DEBUG Matcher:29 - [START] Applying rule class com.nyble.match.rules.PhoneAndNameRule to consumer 1#11303034
Thread-0id 2020-09-02 14:16:30 DEBUG Matcher:34 - [END] Applying rule class com.nyble.match.rules.PhoneAndNameRule to consumer 1#11303034
Thread-0id 2020-09-02 14:16:30 DEBUG Matcher:29 - [START] Applying rule class com.nyble.match.rules.EmailRule to consumer 1#11303034
Thread-0id 2020-09-02 14:16:31 DEBUG Matcher:34 - [END] Applying rule class com.nyble.match.rules.EmailRule to consumer 1#11303034
Thread-0id 2020-09-02 14:16:31 DEBUG Matcher:112 - call isConsumerMovingToNewEntity 1#11303034
Thread-0id 2020-09-02 14:16:31 DEBUG Matcher:124 - end call isConsumerMovingToNewEntity 1#11303034
Thread-0id 2020-09-02 14:16:31 DEBUG App:91 - Get consumers entity
Thread-0id 2020-09-02 14:16:31 DEBUG Matcher:29 - [START] Applying rule class com.nyble.match.rules.PhoneAndNameRule to consumer 1#11303034
Thread-0id 2020-09-02 14:16:31 DEBUG Matcher:34 - [END] Applying rule class com.nyble.match.rules.PhoneAndNameRule to consumer 1#11303034
Thread-0id 2020-09-02 14:16:31 DEBUG Matcher:29 - [START] Applying rule class com.nyble.match.rules.EmailRule to consumer 1#11303034
Thread-0id 2020-09-02 14:16:34 DEBUG Matcher:34 - [END] Applying rule class com.nyble.match.rules.EmailRule to consumer 1#11303034
Thread-0id 2020-09-02 14:16:35 DEBUG Matcher:112 - call isConsumerMovingToNewEntity 1#11303034
mainid 2020-10-02 12:49:01 DEBUG App:107 - Get consumers entity
mainid 2020-10-02 12:49:45 DEBUG RulesChain:35 - [START] Applying rule class com.nyble.match.rules.RemoveSmsUsersRule to consumer 1#11894377
mainid 2020-10-02 12:49:45 DEBUG RulesChain:37 - [END] Applying rule class com.nyble.match.rules.RemoveSmsUsersRule to consumer 1#11894377
mainid 2020-10-02 12:49:45 DEBUG RulesChain:35 - [START] Applying rule class com.nyble.match.rules.EmailRule to consumer 1#11894377
mainid 2020-10-02 12:49:45 DEBUG RulesChain:37 - [END] Applying rule class com.nyble.match.rules.EmailRule to consumer 1#11894377
kafka-producer-network-thread | producer-1id 2020-10-02 12:49:45 WARN  NetworkClient:1033 - [Producer clientId=producer-1] Bootstrap broker 10.100.1.17:9093 (id: -1 rack: null) disconnected
mainid 2020-10-02 14:08:46 DEBUG App:107 - Get consumers entity
mainid 2020-10-02 14:08:46 DEBUG RulesChain:35 - [START] Applying rule class com.nyble.match.rules.RemoveUsersWithNoName to consumer 1#11894377
mainid 2020-10-02 14:08:46 DEBUG RulesChain:37 - [END] Applying rule class com.nyble.match.rules.RemoveUsersWithNoName to consumer 1#11894377
mainid 2020-10-02 14:08:46 DEBUG RulesChain:35 - [START] Applying rule class com.nyble.match.rules.EmailRule to consumer 1#11894377
mainid 2020-10-02 14:08:46 DEBUG RulesChain:37 - [END] Applying rule class com.nyble.match.rules.EmailRule to consumer 1#11894377
Thread-2id 2020-10-02 14:09:26 DEBUG App:74 - Found 500 new records on partition consumers#0
Thread-3id 2020-10-02 14:09:28 DEBUG App:74 - Found 500 new records on partition consumers#2
Thread-3id 2020-10-02 14:09:30 DEBUG App:107 - Get consumers entity
Thread-3id 2020-10-02 14:09:30 DEBUG RulesChain:35 - [START] Applying rule class com.nyble.match.rules.RemoveUsersWithNoName to consumer 1#11237659
Thread-3id 2020-10-02 14:09:30 DEBUG RulesChain:37 - [END] Applying rule class com.nyble.match.rules.RemoveUsersWithNoName to consumer 1#11237659
Thread-3id 2020-10-02 14:09:30 DEBUG RulesChain:35 - [START] Applying rule class com.nyble.match.rules.EmailRule to consumer 1#11237659
Thread-1id 2020-10-02 14:09:32 DEBUG App:74 - Found 500 new records on partition consumers#3
Thread-1id 2020-10-02 14:09:37 ERROR App:78 - 
java.lang.NullPointerException
	at com.nyble.main.App.processRecord(App.java:95)
	at java.base/java.lang.Iterable.forEach(Iterable.java:75)
	at com.nyble.main.App.lambda$main$1(App.java:76)
	at java.base/java.lang.Thread.run(Thread.java:834)
Thread-2id 2020-10-02 14:09:49 DEBUG App:107 - Get consumers entity
Thread-0id 2020-10-02 14:09:49 DEBUG App:74 - Found 500 new records on partition consumers#1
Thread-2id 2020-10-02 14:09:52 DEBUG RulesChain:35 - [START] Applying rule class com.nyble.match.rules.RemoveUsersWithNoName to consumer 1#10539913
Thread-2id 2020-10-02 14:09:52 DEBUG RulesChain:37 - [END] Applying rule class com.nyble.match.rules.RemoveUsersWithNoName to consumer 1#10539913
Thread-2id 2020-10-02 14:09:52 DEBUG RulesChain:35 - [START] Applying rule class com.nyble.match.rules.EmailRule to consumer 1#10539913
Thread-0id 2020-10-02 14:09:52 DEBUG App:107 - Get consumers entity
Thread-0id 2020-10-02 14:09:52 DEBUG RulesChain:35 - [START] Applying rule class com.nyble.match.rules.RemoveUsersWithNoName to consumer 1#8463404
Thread-0id 2020-10-02 14:09:52 DEBUG RulesChain:37 - [END] Applying rule class com.nyble.match.rules.RemoveUsersWithNoName to consumer 1#8463404
Thread-0id 2020-10-02 14:09:52 DEBUG RulesChain:35 - [START] Applying rule class com.nyble.match.rules.EmailRule to consumer 1#8463404
Thread-3id 2020-10-02 14:09:53 DEBUG RulesChain:37 - [END] Applying rule class com.nyble.match.rules.EmailRule to consumer 1#11237659
Thread-2id 2020-10-02 14:09:53 DEBUG RulesChain:37 - [END] Applying rule class com.nyble.match.rules.EmailRule to consumer 1#10539913
Thread-0id 2020-10-02 14:09:53 DEBUG RulesChain:37 - [END] Applying rule class com.nyble.match.rules.EmailRule to consumer 1#8463404
mainid 2020-10-02 14:26:50 DEBUG App:107 - Get consumers entity
mainid 2020-10-02 14:26:50 DEBUG RulesChain:35 - [START] Applying rule class com.nyble.match.rules.RemoveUsersWithNoName to consumer 1#11894377
mainid 2020-10-02 14:26:50 DEBUG RulesChain:37 - [END] Applying rule class com.nyble.match.rules.RemoveUsersWithNoName to consumer 1#11894377
mainid 2020-10-02 14:26:50 DEBUG RulesChain:35 - [START] Applying rule class com.nyble.match.rules.EmailRule to consumer 1#11894377
mainid 2020-10-02 14:26:50 DEBUG RulesChain:37 - [END] Applying rule class com.nyble.match.rules.EmailRule to consumer 1#11894377
Thread-1id 2020-10-06 19:22:14 WARN  ConsumerCoordinator:1064 - [Consumer clientId=consumer-consumer-matcher-1, groupId=consumer-matcher] Synchronous auto-commit of offsets {consumers-0=OffsetAndMetadata{offset=26174817, leaderEpoch=6, metadata=''}} failed: Offset commit cannot be completed since the consumer is not part of an active group for auto partition assignment; it is likely that the consumer was kicked out of the group.
Thread-1id 2020-10-06 19:22:14 ERROR ConsumerCoordinator:1185 - [Consumer clientId=consumer-consumer-matcher-1, groupId=consumer-matcher] Offset commit failed on partition consumers-0 at offset 26174817: The coordinator is not aware of this member.
kafka-coordinator-heartbeat-thread | consumer-matcherid 2020-10-07 10:54:54 ERROR ConsumerCoordinator:1185 - [Consumer clientId=consumer-consumer-matcher-4, groupId=consumer-matcher] Offset commit failed on partition consumers-3 at offset 26188584: The coordinator is not aware of this member.
Thread-0id 2020-10-07 10:54:56 ERROR ConsumerCoordinator:1185 - [Consumer clientId=consumer-consumer-matcher-3, groupId=consumer-matcher] Offset commit failed on partition consumers-2 at offset 26086753: The coordinator is not aware of this member.
Thread-2id 2020-10-07 10:55:00 WARN  ConsumerCoordinator:1043 - [Consumer clientId=consumer-consumer-matcher-4, groupId=consumer-matcher] Asynchronous auto-commit of offsets {consumers-3=OffsetAndMetadata{offset=26188584, leaderEpoch=3, metadata=''}} failed: Commit cannot be completed since the group has already rebalanced and assigned the partitions to another member. This means that the time between subsequent calls to poll() was longer than the configured max.poll.interval.ms, which typically implies that the poll loop is spending too much time message processing. You can address this either by increasing max.poll.interval.ms or by reducing the maximum size of batches returned in poll() with max.poll.records.
Thread-0id 2020-10-07 10:55:11 WARN  ConsumerCoordinator:1043 - [Consumer clientId=consumer-consumer-matcher-3, groupId=consumer-matcher] Asynchronous auto-commit of offsets {consumers-2=OffsetAndMetadata{offset=26086753, leaderEpoch=6, metadata=''}} failed: Commit cannot be completed since the group has already rebalanced and assigned the partitions to another member. This means that the time between subsequent calls to poll() was longer than the configured max.poll.interval.ms, which typically implies that the poll loop is spending too much time message processing. You can address this either by increasing max.poll.interval.ms or by reducing the maximum size of batches returned in poll() with max.poll.records.
Thread-0id 2020-10-07 10:55:11 WARN  ConsumerCoordinator:1064 - [Consumer clientId=consumer-consumer-matcher-3, groupId=consumer-matcher] Synchronous auto-commit of offsets {consumers-2=OffsetAndMetadata{offset=26086753, leaderEpoch=6, metadata=''}} failed: Offset commit cannot be completed since the consumer is not part of an active group for auto partition assignment; it is likely that the consumer was kicked out of the group.
Thread-1id 2020-10-07 10:55:11 ERROR ConsumerCoordinator:1185 - [Consumer clientId=consumer-consumer-matcher-2, groupId=consumer-matcher] Offset commit failed on partition consumers-1 at offset 26253859: The coordinator is not aware of this member.
Thread-2id 2020-10-07 10:55:11 WARN  ConsumerCoordinator:1064 - [Consumer clientId=consumer-consumer-matcher-4, groupId=consumer-matcher] Synchronous auto-commit of offsets {consumers-3=OffsetAndMetadata{offset=26188584, leaderEpoch=3, metadata=''}} failed: Offset commit cannot be completed since the consumer is not part of an active group for auto partition assignment; it is likely that the consumer was kicked out of the group.
Thread-1id 2020-10-07 10:55:12 WARN  ConsumerCoordinator:1043 - [Consumer clientId=consumer-consumer-matcher-2, groupId=consumer-matcher] Asynchronous auto-commit of offsets {consumers-1=OffsetAndMetadata{offset=26253859, leaderEpoch=3, metadata=''}} failed: Commit cannot be completed since the group has already rebalanced and assigned the partitions to another member. This means that the time between subsequent calls to poll() was longer than the configured max.poll.interval.ms, which typically implies that the poll loop is spending too much time message processing. You can address this either by increasing max.poll.interval.ms or by reducing the maximum size of batches returned in poll() with max.poll.records.
Thread-1id 2020-10-07 10:55:12 WARN  ConsumerCoordinator:1064 - [Consumer clientId=consumer-consumer-matcher-2, groupId=consumer-matcher] Synchronous auto-commit of offsets {consumers-1=OffsetAndMetadata{offset=26253859, leaderEpoch=3, metadata=''}} failed: Offset commit cannot be completed since the consumer is not part of an active group for auto partition assignment; it is likely that the consumer was kicked out of the group.
Thread-1id 2020-10-07 10:55:12 ERROR ConsumerCoordinator:1185 - [Consumer clientId=consumer-consumer-matcher-2, groupId=consumer-matcher] Offset commit failed on partition consumers-1 at offset 26253859: The coordinator is not aware of this member.
Thread-1id 2020-10-07 10:55:27 WARN  ConsumerCoordinator:1043 - [Consumer clientId=consumer-consumer-matcher-2, groupId=consumer-matcher] Asynchronous auto-commit of offsets {consumers-1=OffsetAndMetadata{offset=26253859, leaderEpoch=3, metadata=''}} failed: Offset commit cannot be completed since the consumer member's generation is already stale, meaning it has already participated another rebalance and got a new generation. You can try completing the rebalance by calling poll() and then retry commit again
Thread-3id 2020-10-07 10:59:23 WARN  ConsumerCoordinator:1064 - [Consumer clientId=consumer-consumer-matcher-1, groupId=consumer-matcher] Synchronous auto-commit of offsets {consumers-0=OffsetAndMetadata{offset=26191996, leaderEpoch=6, metadata=''}} failed: Offset commit cannot be completed since the consumer is not part of an active group for auto partition assignment; it is likely that the consumer was kicked out of the group.
kafka-producer-network-thread | producer-1id 2020-10-11 14:43:02 WARN  NetworkClient:757 - [Producer clientId=producer-1] Connection to node -1 (/10.100.1.17:9093) could not be established. Broker may not be available.
kafka-producer-network-thread | producer-1id 2020-10-11 14:43:02 WARN  NetworkClient:1033 - [Producer clientId=producer-1] Bootstrap broker 10.100.1.17:9093 (id: -1 rack: null) disconnected
